Using pre-set license
Built from '2022.3/staging' branch; Version is '2022.3.11f1 (d00248457e15) revision 13632072'; Using compiler version '192829333'; Build Type 'Release'
OS: 'Windows 11  (10.0.22631) 64bit CoreSingleLanguage' Language: 'en' Physical Memory: 16163 MB
BatchMode: 1, IsHumanControllingUs: 0, StartBugReporterOnCrash: 0, Is64bit: 1, IsPro: 1

COMMAND LINE ARGUMENTS:
C:\Program Files\Unity\Hub\Editor\2022.3.11f1\Editor\Unity.exe
-adb2
-batchMode
-noUpm
-name
AssetImportWorker1
-projectPath
F:/Beta_Unity/Mobile/3d/Mobile_Game_1
-logFile
Logs/AssetImportWorker1.log
-srvPort
52449
Successfully changed project path to: F:/Beta_Unity/Mobile/3d/Mobile_Game_1
F:/Beta_Unity/Mobile/3d/Mobile_Game_1
[UnityMemory] Configuration Parameters - Can be set up in boot.config
    "memorysetup-bucket-allocator-granularity=16"
    "memorysetup-bucket-allocator-bucket-count=8"
    "memorysetup-bucket-allocator-block-size=33554432"
    "memorysetup-bucket-allocator-block-count=8"
    "memorysetup-main-allocator-block-size=16777216"
    "memorysetup-thread-allocator-block-size=16777216"
    "memorysetup-gfx-main-allocator-block-size=16777216"
    "memorysetup-gfx-thread-allocator-block-size=16777216"
    "memorysetup-cache-allocator-block-size=4194304"
    "memorysetup-typetree-allocator-block-size=2097152"
    "memorysetup-profiler-bucket-allocator-granularity=16"
    "memorysetup-profiler-bucket-allocator-bucket-count=8"
    "memorysetup-profiler-bucket-allocator-block-size=33554432"
    "memorysetup-profiler-bucket-allocator-block-count=8"
    "memorysetup-profiler-allocator-block-size=16777216"
    "memorysetup-profiler-editor-allocator-block-size=1048576"
    "memorysetup-temp-allocator-size-main=16777216"
    "memorysetup-job-temp-allocator-block-size=2097152"
    "memorysetup-job-temp-allocator-block-size-background=1048576"
    "memorysetup-job-temp-allocator-reduction-small-platforms=262144"
    "memorysetup-allocator-temp-initial-block-size-main=262144"
    "memorysetup-allocator-temp-initial-block-size-worker=262144"
    "memorysetup-temp-allocator-size-background-worker=32768"
    "memorysetup-temp-allocator-size-job-worker=262144"
    "memorysetup-temp-allocator-size-preload-manager=33554432"
    "memorysetup-temp-allocator-size-nav-mesh-worker=65536"
    "memorysetup-temp-allocator-size-audio-worker=65536"
    "memorysetup-temp-allocator-size-cloud-worker=32768"
    "memorysetup-temp-allocator-size-gi-baking-worker=262144"
    "memorysetup-temp-allocator-size-gfx=262144"
Player connection [4248] Host "[IP] 192.168.0.106 [Port] 0 [Flags] 2 [Guid] 1793285478 [EditorId] 1793285478 [Version] 1048832 [Id] WindowsEditor(7,Admin) [Debug] 1 [PackageName] WindowsEditor [ProjectName] Editor" joined multi-casting on [225.0.0.222:54997]...

Player connection [4248] Host "[IP] 192.168.0.106 [Port] 0 [Flags] 2 [Guid] 1793285478 [EditorId] 1793285478 [Version] 1048832 [Id] WindowsEditor(7,Admin) [Debug] 1 [PackageName] WindowsEditor [ProjectName] Editor" joined alternative multi-casting on [225.0.0.222:34997]...

[Physics::Module] Initialized MultithreadedJobDispatcher with 11 workers.
Refreshing native plugins compatible for Editor in 6.25 ms, found 3 plugins.
Preloading 0 native plugins for Editor in 0.00 ms.
Initialize engine version: 2022.3.11f1 (d00248457e15)
[Subsystems] Discovering subsystems at path C:/Program Files/Unity/Hub/Editor/2022.3.11f1/Editor/Data/Resources/UnitySubsystems
[Subsystems] Discovering subsystems at path F:/Beta_Unity/Mobile/3d/Mobile_Game_1/Assets
GfxDevice: creating device client; threaded=0; jobified=0
Direct3D:
    Version:  Direct3D 11.0 [level 11.1]
    Renderer: NVIDIA GeForce GTX 1650 (ID=0x1f9d)
    Vendor:   NVIDIA
    VRAM:     3962 MB
    Driver:   31.0.15.1748
Initialize mono
Mono path[0] = 'C:/Program Files/Unity/Hub/Editor/2022.3.11f1/Editor/Data/Managed'
Mono path[1] = 'C:/Program Files/Unity/Hub/Editor/2022.3.11f1/Editor/Data/MonoBleedingEdge/lib/mono/unityjit-win32'
Mono config path = 'C:/Program Files/Unity/Hub/Editor/2022.3.11f1/Editor/Data/MonoBleedingEdge/etc'
Using monoOptions --debugger-agent=transport=dt_socket,embedding=1,server=y,suspend=n,address=127.0.0.1:56872
Begin MonoManager ReloadAssembly
Registering precompiled unity dll's ...
Register platform support module: C:/Program Files/Unity/Hub/Editor/2022.3.11f1/Editor/Data/PlaybackEngines/WebGLSupport/UnityEditor.WebGL.Extensions.dll
Register platform support module: C:/Program Files/Unity/Hub/Editor/2022.3.11f1/Editor/Data/PlaybackEngines/AndroidPlayer/UnityEditor.Android.Extensions.dll
Register platform support module: C:/Program Files/Unity/Hub/Editor/2022.3.11f1/Editor/Data/PlaybackEngines/WindowsStandaloneSupport/UnityEditor.WindowsStandalone.Extensions.dll
Registered in 0.009396 seconds.
- Loaded All Assemblies, in  0.364 seconds
Native extension for WindowsStandalone target not found
Native extension for Android target not found
Android Extension - Scanning For ADB Devices 266 ms
Native extension for WebGL target not found
Mono: successfully reloaded assembly
- Finished resetting the current domain, in  0.620 seconds
Domain Reload Profiling: 983ms
	BeginReloadAssembly (106ms)
		ExecutionOrderSort (0ms)
		DisableScriptedObjects (0ms)
		BackupInstance (0ms)
		ReleaseScriptingObjects (0ms)
		CreateAndSetChildDomain (1ms)
	RebuildCommonClasses (41ms)
	RebuildNativeTypeToScriptingClass (9ms)
	initialDomainReloadingComplete (58ms)
	LoadAllAssembliesAndSetupDomain (148ms)
		LoadAssemblies (105ms)
		RebuildTransferFunctionScriptingTraits (0ms)
		AnalyzeDomain (146ms)
			TypeCache.Refresh (144ms)
				TypeCache.ScanAssembly (130ms)
			ScanForSourceGeneratedMonoScriptInfo (0ms)
			ResolveRequiredComponents (0ms)
	FinalizeReload (621ms)
		ReleaseScriptCaches (0ms)
		RebuildScriptCaches (0ms)
		SetupLoadedEditorAssemblies (551ms)
			LogAssemblyErrors (0ms)
			InitializePlatformSupportModulesInManaged (385ms)
			SetLoadedEditorAssemblies (5ms)
			RefreshPlugins (0ms)
			BeforeProcessingInitializeOnLoad (2ms)
			ProcessInitializeOnLoadAttributes (101ms)
			ProcessInitializeOnLoadMethodAttributes (57ms)
			AfterProcessingInitializeOnLoad (0ms)
			EditorAssembliesLoaded (0ms)
		ExecutionOrderSort2 (0ms)
		AwakeInstancesAfterBackupRestoration (0ms)
========================================================================
Worker process is ready to serve import requests
Begin MonoManager ReloadAssembly
- Loaded All Assemblies, in  0.775 seconds
Refreshing native plugins compatible for Editor in 5.68 ms, found 3 plugins.
Native extension for WindowsStandalone target not found
Native extension for Android target not found
Native extension for WebGL target not found
Package Manager log level set to [2]
[Package Manager] Server::EnsureServerProcessIsRunning -- launch failed, reason: Unity was launched with the -noUpm command-line argument
[Package Manager] UpmClient::Send -- Unable to send message (not connected to UPM process).
[Package Manager] Cannot connect to Unity Package Manager local server
Mono: successfully reloaded assembly
[Package Manager] Server::EnsureServerProcessIsRunning -- launch failed, reason: Unity was launched with the -noUpm command-line argument
[Package Manager] UpmClient::Send -- Unable to send message (not connected to UPM process).
[Package Manager] Cannot connect to Unity Package Manager local server
[Package Manager] Server::EnsureServerProcessIsRunning -- launch failed, reason: Unity was launched with the -noUpm command-line argument
[Package Manager] UpmClient::Send -- Unable to send message (not connected to UPM process).
[Package Manager] Cannot connect to Unity Package Manager local server
- Finished resetting the current domain, in  0.747 seconds
Domain Reload Profiling: 1522ms
	BeginReloadAssembly (188ms)
		ExecutionOrderSort (0ms)
		DisableScriptedObjects (6ms)
		BackupInstance (0ms)
		ReleaseScriptingObjects (0ms)
		CreateAndSetChildDomain (31ms)
	RebuildCommonClasses (35ms)
	RebuildNativeTypeToScriptingClass (11ms)
	initialDomainReloadingComplete (49ms)
	LoadAllAssembliesAndSetupDomain (491ms)
		LoadAssemblies (361ms)
		RebuildTransferFunctionScriptingTraits (0ms)
		AnalyzeDomain (236ms)
			TypeCache.Refresh (180ms)
				TypeCache.ScanAssembly (157ms)
			ScanForSourceGeneratedMonoScriptInfo (31ms)
			ResolveRequiredComponents (22ms)
	FinalizeReload (747ms)
		ReleaseScriptCaches (0ms)
		RebuildScriptCaches (0ms)
		SetupLoadedEditorAssemblies (552ms)
			LogAssemblyErrors (0ms)
			InitializePlatformSupportModulesInManaged (27ms)
			SetLoadedEditorAssemblies (4ms)
			RefreshPlugins (0ms)
			BeforeProcessingInitializeOnLoad (76ms)
			ProcessInitializeOnLoadAttributes (406ms)
			ProcessInitializeOnLoadMethodAttributes (36ms)
			AfterProcessingInitializeOnLoad (4ms)
			EditorAssembliesLoaded (0ms)
		ExecutionOrderSort2 (0ms)
		AwakeInstancesAfterBackupRestoration (5ms)
Launched and connected shader compiler UnityShaderCompiler.exe after 0.04 seconds
Refreshing native plugins compatible for Editor in 3.54 ms, found 3 plugins.
Preloading 0 native plugins for Editor in 0.00 ms.
Unloading 3943 Unused Serialized files (Serialized files now loaded: 0)
Unloading 70 unused Assets / (148.0 KB). Loaded Objects now: 4405.
Memory consumption went from 150.9 MB to 150.8 MB.
Total: 3.375900 ms (FindLiveObjects: 0.330600 ms CreateObjectMapping: 0.114600 ms MarkObjects: 2.741100 ms  DeleteObjects: 0.187800 ms)

AssetImportParameters requested are different than current active one (requested -> active):
  custom:container-demuxer-ogg: 62fdf1f143b41e24485cea50d1cbac27 -> 
  custom:video-codec-MediaFoundation-h265: 746d11721c4dcdbdad8f713fa42b33f4 -> 
  custom:video-decoder-ogg-theora: a1e56fd34408186e4bbccfd4996cb3dc -> 
  custom:framework-win-MediaFoundation: 216162199b28c13a410421893ffa2e32 -> 
  custom:CustomObjectIndexerAttribute: 756ad292c208cfabdd7b50bc23989ffe -> 
  custom:container-demuxer-webm: 4f35f7cbe854078d1ac9338744f61a02 -> 
  custom:container-muxer-webm: aa71ff27fc2769a1b78a27578f13a17b -> 
  custom:video-decoder-webm-vp8: 9c59270c3fd7afecdb556c50c9e8de78 -> 
  custom:SearchIndexIgnoredProperties: e643bd26f0fe6173181afceb89e7c659 -> 
  custom:AudioImporter_EditorPlatform: d09bf68614088b80899f8185d706f6e7 -> 
  custom:video-encoder-webm-vp8: eb34c28f22e8b96e1ab97ce403110664 -> 
  custom:audio-decoder-ogg-vorbis: bf7c407c2cedff20999df2af8eb42d56 -> 
  custom:audio-encoder-webm-vorbis: bf7c407c2cedff20999df2af8eb42d56 -> 
========================================================================
Received Import Request.
  Time since last request: 9501.950179 seconds.
  path: Assets/Local/Clothes/shirt
  artifactKey: Guid(a4c7e614307211e42a286eacd0b58d5d) Importer(815301076,1909f56bfc062723c751e8b465ee728b)
Start importing Assets/Local/Clothes/shirt using Guid(a4c7e614307211e42a286eacd0b58d5d) Importer(815301076,1909f56bfc062723c751e8b465ee728b)  -> (artifact id: 'f565c1f3bdbd339da3f66386ce34f7bc') in 0.002494 seconds
Number of updated asset objects reloaded before import = 0
Number of asset objects unloaded after import = 0
========================================================================
Received Import Request.
  Time since last request: 28.213463 seconds.
  path: Assets/Local/Clothes/hat/green.png
  artifactKey: Guid(93d27d333d17f78478a86ad8c45b7e54) Importer(815301076,1909f56bfc062723c751e8b465ee728b)
Start importing Assets/Local/Clothes/hat/green.png using Guid(93d27d333d17f78478a86ad8c45b7e54) Importer(815301076,1909f56bfc062723c751e8b465ee728b)  -> (artifact id: '37ae9dbe1f4c2de7630edc03bb8b2596') in 0.106005 seconds
Number of updated asset objects reloaded before import = 0
Number of asset objects unloaded after import = 2
========================================================================
Received Import Request.
  Time since last request: 0.000067 seconds.
  path: Assets/Local/Clothes/hat/white.png
  artifactKey: Guid(9d13eebd0b9e4864c87ee04b8db9a8e3) Importer(815301076,1909f56bfc062723c751e8b465ee728b)
Start importing Assets/Local/Clothes/hat/white.png using Guid(9d13eebd0b9e4864c87ee04b8db9a8e3) Importer(815301076,1909f56bfc062723c751e8b465ee728b)  -> (artifact id: '28b89fd786194fd6f584b66b9fc1844e') in 0.030949 seconds
Number of updated asset objects reloaded before import = 0
Number of asset objects unloaded after import = 2
========================================================================
Received Import Request.
  Time since last request: 5.280039 seconds.
  path: Assets/Local/Clothes/hat/pink.png
  artifactKey: Guid(ea139310b14fdf64ead798f741b06a01) Importer(815301076,1909f56bfc062723c751e8b465ee728b)
Start importing Assets/Local/Clothes/hat/pink.png using Guid(ea139310b14fdf64ead798f741b06a01) Importer(815301076,1909f56bfc062723c751e8b465ee728b)  -> (artifact id: '437939dc66527df3ab59fac6cabf117f') in 0.050624 seconds
Number of updated asset objects reloaded before import = 0
Number of asset objects unloaded after import = 3
========================================================================
Received Import Request.
  Time since last request: 0.000049 seconds.
  path: Assets/Local/Clothes/hat/white.png
  artifactKey: Guid(9d13eebd0b9e4864c87ee04b8db9a8e3) Importer(815301076,1909f56bfc062723c751e8b465ee728b)
Start importing Assets/Local/Clothes/hat/white.png using Guid(9d13eebd0b9e4864c87ee04b8db9a8e3) Importer(815301076,1909f56bfc062723c751e8b465ee728b)  -> (artifact id: '6576d0ef07ada168a718f33632dc3b75') in 0.029396 seconds
Number of updated asset objects reloaded before import = 0
Number of asset objects unloaded after import = 3
========================================================================
Received Import Request.
  Time since last request: 0.792290 seconds.
  path: Assets/Local/Clothes/shirt/pink.png
  artifactKey: Guid(3be72cc3bf77a774bbdd6dc1f3efd631) Importer(815301076,1909f56bfc062723c751e8b465ee728b)
Start importing Assets/Local/Clothes/shirt/pink.png using Guid(3be72cc3bf77a774bbdd6dc1f3efd631) Importer(815301076,1909f56bfc062723c751e8b465ee728b)  -> (artifact id: '311c95b8f50c300b16b5419e83580d3c') in 0.038777 seconds
Number of updated asset objects reloaded before import = 0
Number of asset objects unloaded after import = 2
========================================================================
Received Import Request.
  Time since last request: 0.000038 seconds.
  path: Assets/Local/Clothes/shirt/white.png
  artifactKey: Guid(0f5c7da482cf02146a809437f05406ab) Importer(815301076,1909f56bfc062723c751e8b465ee728b)
Start importing Assets/Local/Clothes/shirt/white.png using Guid(0f5c7da482cf02146a809437f05406ab) Importer(815301076,1909f56bfc062723c751e8b465ee728b)  -> (artifact id: 'ea037f58df643697f31faef5b159f121') in 0.026505 seconds
Number of updated asset objects reloaded before import = 0
Number of asset objects unloaded after import = 2
========================================================================
Received Import Request.
  Time since last request: 4.165281 seconds.
  path: Assets/Local/Clothes/shirt/red.png
  artifactKey: Guid(2f609f33758b4fe44a57e7ad82de76cf) Importer(815301076,1909f56bfc062723c751e8b465ee728b)
Start importing Assets/Local/Clothes/shirt/red.png using Guid(2f609f33758b4fe44a57e7ad82de76cf) Importer(815301076,1909f56bfc062723c751e8b465ee728b)  -> (artifact id: 'f141605e76017dc37e61c208692cc6cc') in 0.021519 seconds
Number of updated asset objects reloaded before import = 0
Number of asset objects unloaded after import = 3
========================================================================
Received Import Request.
  Time since last request: 0.897266 seconds.
  path: Assets/Local/Clothes/shoe/pink.png
  artifactKey: Guid(3b9fa4d0b993d4848a512a63829b41e8) Importer(815301076,1909f56bfc062723c751e8b465ee728b)
Start importing Assets/Local/Clothes/shoe/pink.png using Guid(3b9fa4d0b993d4848a512a63829b41e8) Importer(815301076,1909f56bfc062723c751e8b465ee728b)  -> (artifact id: 'c7a46e1a81affa27e68d6dedcadc683c') in 0.025514 seconds
Number of updated asset objects reloaded before import = 0
Number of asset objects unloaded after import = 2
========================================================================
Received Import Request.
  Time since last request: 0.000026 seconds.
  path: Assets/Local/Clothes/shoe/red.png
  artifactKey: Guid(1fddb8c217793924a9cdcd6b3570fd25) Importer(815301076,1909f56bfc062723c751e8b465ee728b)
Start importing Assets/Local/Clothes/shoe/red.png using Guid(1fddb8c217793924a9cdcd6b3570fd25) Importer(815301076,1909f56bfc062723c751e8b465ee728b)  -> (artifact id: 'c6c5b515e83626cb295f06170469d691') in 0.025713 seconds
Number of updated asset objects reloaded before import = 0
Number of asset objects unloaded after import = 2
========================================================================
Received Import Request.
  Time since last request: 3.976914 seconds.
  path: Assets/Local/Clothes/shoe/pink.png
  artifactKey: Guid(3b9fa4d0b993d4848a512a63829b41e8) Importer(815301076,1909f56bfc062723c751e8b465ee728b)
Start importing Assets/Local/Clothes/shoe/pink.png using Guid(3b9fa4d0b993d4848a512a63829b41e8) Importer(815301076,1909f56bfc062723c751e8b465ee728b)  -> (artifact id: '728d12bf0097d268057efba429d47729') in 0.044381 seconds
Number of updated asset objects reloaded before import = 0
Number of asset objects unloaded after import = 3
========================================================================
Received Prepare
Begin MonoManager ReloadAssembly
- Loaded All Assemblies, in  0.797 seconds
Refreshing native plugins compatible for Editor in 3.73 ms, found 3 plugins.
Native extension for WindowsStandalone target not found
Native extension for Android target not found
Native extension for WebGL target not found
[Package Manager] Server::EnsureServerProcessIsRunning -- launch failed, reason: Unity was launched with the -noUpm command-line argument
[Package Manager] UpmClient::Send -- Unable to send message (not connected to UPM process).
[Package Manager] Cannot connect to Unity Package Manager local server
Mono: successfully reloaded assembly
[Package Manager] Server::EnsureServerProcessIsRunning -- launch failed, reason: Unity was launched with the -noUpm command-line argument
[Package Manager] UpmClient::Send -- Unable to send message (not connected to UPM process).
[Package Manager] Cannot connect to Unity Package Manager local server
- Finished resetting the current domain, in  1.106 seconds
Domain Reload Profiling: 1902ms
	BeginReloadAssembly (214ms)
		ExecutionOrderSort (0ms)
		DisableScriptedObjects (15ms)
		BackupInstance (0ms)
		ReleaseScriptingObjects (0ms)
		CreateAndSetChildDomain (66ms)
	RebuildCommonClasses (38ms)
	RebuildNativeTypeToScriptingClass (12ms)
	initialDomainReloadingComplete (39ms)
	LoadAllAssembliesAndSetupDomain (493ms)
		LoadAssemblies (525ms)
		RebuildTransferFunctionScriptingTraits (0ms)
		AnalyzeDomain (59ms)
			TypeCache.Refresh (19ms)
				TypeCache.ScanAssembly (2ms)
			ScanForSourceGeneratedMonoScriptInfo (28ms)
			ResolveRequiredComponents (11ms)
	FinalizeReload (1107ms)
		ReleaseScriptCaches (0ms)
		RebuildScriptCaches (0ms)
		SetupLoadedEditorAssemblies (551ms)
			LogAssemblyErrors (0ms)
			InitializePlatformSupportModulesInManaged (32ms)
			SetLoadedEditorAssemblies (9ms)
			RefreshPlugins (0ms)
			BeforeProcessingInitializeOnLoad (97ms)
			ProcessInitializeOnLoadAttributes (376ms)
			ProcessInitializeOnLoadMethodAttributes (31ms)
			AfterProcessingInitializeOnLoad (6ms)
			EditorAssembliesLoaded (0ms)
		ExecutionOrderSort2 (0ms)
		AwakeInstancesAfterBackupRestoration (8ms)
Refreshing native plugins compatible for Editor in 4.02 ms, found 3 plugins.
Preloading 0 native plugins for Editor in 0.00 ms.
Unloading 3920 Unused Serialized files (Serialized files now loaded: 0)
Unloading 39 unused Assets / (120.8 KB). Loaded Objects now: 4426.
Memory consumption went from 147.0 MB to 146.9 MB.
Total: 3.491000 ms (FindLiveObjects: 0.283700 ms CreateObjectMapping: 0.115800 ms MarkObjects: 3.001500 ms  DeleteObjects: 0.088900 ms)

Prepare: number of updated asset objects reloaded= 0
AssetImportParameters requested are different than current active one (requested -> active):
  custom:container-demuxer-ogg: 62fdf1f143b41e24485cea50d1cbac27 -> 
  custom:video-codec-MediaFoundation-h265: 746d11721c4dcdbdad8f713fa42b33f4 -> 
  custom:video-decoder-ogg-theora: a1e56fd34408186e4bbccfd4996cb3dc -> 
  custom:framework-win-MediaFoundation: 216162199b28c13a410421893ffa2e32 -> 
  custom:CustomObjectIndexerAttribute: 756ad292c208cfabdd7b50bc23989ffe -> 
  custom:container-demuxer-webm: 4f35f7cbe854078d1ac9338744f61a02 -> 
  custom:container-muxer-webm: aa71ff27fc2769a1b78a27578f13a17b -> 
  custom:video-decoder-webm-vp8: 9c59270c3fd7afecdb556c50c9e8de78 -> 
  custom:SearchIndexIgnoredProperties: e643bd26f0fe6173181afceb89e7c659 -> 
  custom:AudioImporter_EditorPlatform: d09bf68614088b80899f8185d706f6e7 -> 
  custom:video-encoder-webm-vp8: eb34c28f22e8b96e1ab97ce403110664 -> 
  custom:audio-decoder-ogg-vorbis: bf7c407c2cedff20999df2af8eb42d56 -> 
  custom:audio-encoder-webm-vorbis: bf7c407c2cedff20999df2af8eb42d56 -> 
========================================================================
Received Prepare
Begin MonoManager ReloadAssembly
- Loaded All Assemblies, in  0.399 seconds
Refreshing native plugins compatible for Editor in 2.58 ms, found 3 plugins.
Native extension for WindowsStandalone target not found
Native extension for Android target not found
Native extension for WebGL target not found
[Package Manager] Server::EnsureServerProcessIsRunning -- launch failed, reason: Unity was launched with the -noUpm command-line argument
[Package Manager] UpmClient::Send -- Unable to send message (not connected to UPM process).
[Package Manager] Cannot connect to Unity Package Manager local server
Mono: successfully reloaded assembly
[Package Manager] Server::EnsureServerProcessIsRunning -- launch failed, reason: Unity was launched with the -noUpm command-line argument
[Package Manager] UpmClient::Send -- Unable to send message (not connected to UPM process).
[Package Manager] Cannot connect to Unity Package Manager local server
- Finished resetting the current domain, in  0.679 seconds
Domain Reload Profiling: 1077ms
	BeginReloadAssembly (144ms)
		ExecutionOrderSort (0ms)
		DisableScriptedObjects (5ms)
		BackupInstance (0ms)
		ReleaseScriptingObjects (0ms)
		CreateAndSetChildDomain (39ms)
	RebuildCommonClasses (28ms)
	RebuildNativeTypeToScriptingClass (9ms)
	initialDomainReloadingComplete (24ms)
	LoadAllAssembliesAndSetupDomain (193ms)
		LoadAssemblies (236ms)
		RebuildTransferFunctionScriptingTraits (0ms)
		AnalyzeDomain (27ms)
			TypeCache.Refresh (10ms)
				TypeCache.ScanAssembly (1ms)
			ScanForSourceGeneratedMonoScriptInfo (11ms)
			ResolveRequiredComponents (5ms)
	FinalizeReload (680ms)
		ReleaseScriptCaches (0ms)
		RebuildScriptCaches (0ms)
		SetupLoadedEditorAssemblies (335ms)
			LogAssemblyErrors (0ms)
			InitializePlatformSupportModulesInManaged (20ms)
			SetLoadedEditorAssemblies (4ms)
			RefreshPlugins (0ms)
			BeforeProcessingInitializeOnLoad (48ms)
			ProcessInitializeOnLoadAttributes (240ms)
			ProcessInitializeOnLoadMethodAttributes (21ms)
			AfterProcessingInitializeOnLoad (4ms)
			EditorAssembliesLoaded (0ms)
		ExecutionOrderSort2 (0ms)
		AwakeInstancesAfterBackupRestoration (5ms)
Refreshing native plugins compatible for Editor in 2.87 ms, found 3 plugins.
Preloading 0 native plugins for Editor in 0.00 ms.
Unloading 3921 Unused Serialized files (Serialized files now loaded: 0)
Unloading 39 unused Assets / (119.8 KB). Loaded Objects now: 4441.
Memory consumption went from 149.2 MB to 149.1 MB.
Total: 3.866400 ms (FindLiveObjects: 0.718900 ms CreateObjectMapping: 0.135800 ms MarkObjects: 2.908800 ms  DeleteObjects: 0.100500 ms)

Prepare: number of updated asset objects reloaded= 0
AssetImportParameters requested are different than current active one (requested -> active):
  custom:container-demuxer-ogg: 62fdf1f143b41e24485cea50d1cbac27 -> 
  custom:video-codec-MediaFoundation-h265: 746d11721c4dcdbdad8f713fa42b33f4 -> 
  custom:video-decoder-ogg-theora: a1e56fd34408186e4bbccfd4996cb3dc -> 
  custom:framework-win-MediaFoundation: 216162199b28c13a410421893ffa2e32 -> 
  custom:CustomObjectIndexerAttribute: 756ad292c208cfabdd7b50bc23989ffe -> 
  custom:container-demuxer-webm: 4f35f7cbe854078d1ac9338744f61a02 -> 
  custom:container-muxer-webm: aa71ff27fc2769a1b78a27578f13a17b -> 
  custom:video-decoder-webm-vp8: 9c59270c3fd7afecdb556c50c9e8de78 -> 
  custom:SearchIndexIgnoredProperties: e643bd26f0fe6173181afceb89e7c659 -> 
  custom:AudioImporter_EditorPlatform: d09bf68614088b80899f8185d706f6e7 -> 
  custom:video-encoder-webm-vp8: eb34c28f22e8b96e1ab97ce403110664 -> 
  custom:audio-decoder-ogg-vorbis: bf7c407c2cedff20999df2af8eb42d56 -> 
  custom:audio-encoder-webm-vorbis: bf7c407c2cedff20999df2af8eb42d56 -> 
========================================================================
Received Prepare
Begin MonoManager ReloadAssembly
- Loaded All Assemblies, in  0.430 seconds
Refreshing native plugins compatible for Editor in 4.26 ms, found 3 plugins.
Native extension for WindowsStandalone target not found
Native extension for Android target not found
Native extension for WebGL target not found
[Package Manager] Server::EnsureServerProcessIsRunning -- launch failed, reason: Unity was launched with the -noUpm command-line argument
[Package Manager] UpmClient::Send -- Unable to send message (not connected to UPM process).
[Package Manager] Cannot connect to Unity Package Manager local server
Mono: successfully reloaded assembly
[Package Manager] Server::EnsureServerProcessIsRunning -- launch failed, reason: Unity was launched with the -noUpm command-line argument
[Package Manager] UpmClient::Send -- Unable to send message (not connected to UPM process).
[Package Manager] Cannot connect to Unity Package Manager local server
- Finished resetting the current domain, in  0.853 seconds
Domain Reload Profiling: 1281ms
	BeginReloadAssembly (160ms)
		ExecutionOrderSort (0ms)
		DisableScriptedObjects (8ms)
		BackupInstance (0ms)
		ReleaseScriptingObjects (0ms)
		CreateAndSetChildDomain (38ms)
	RebuildCommonClasses (30ms)
	RebuildNativeTypeToScriptingClass (10ms)
	initialDomainReloadingComplete (23ms)
	LoadAllAssembliesAndSetupDomain (204ms)
		LoadAssemblies (257ms)
		RebuildTransferFunctionScriptingTraits (0ms)
		AnalyzeDomain (32ms)
			TypeCache.Refresh (10ms)
				TypeCache.ScanAssembly (1ms)
			ScanForSourceGeneratedMonoScriptInfo (13ms)
			ResolveRequiredComponents (9ms)
	FinalizeReload (853ms)
		ReleaseScriptCaches (0ms)
		RebuildScriptCaches (0ms)
		SetupLoadedEditorAssemblies (389ms)
			LogAssemblyErrors (0ms)
			InitializePlatformSupportModulesInManaged (25ms)
			SetLoadedEditorAssemblies (4ms)
			RefreshPlugins (0ms)
			BeforeProcessingInitializeOnLoad (57ms)
			ProcessInitializeOnLoadAttributes (279ms)
			ProcessInitializeOnLoadMethodAttributes (20ms)
			AfterProcessingInitializeOnLoad (4ms)
			EditorAssembliesLoaded (0ms)
		ExecutionOrderSort2 (0ms)
		AwakeInstancesAfterBackupRestoration (5ms)
Refreshing native plugins compatible for Editor in 5.32 ms, found 3 plugins.
Preloading 0 native plugins for Editor in 0.00 ms.
Unloading 3921 Unused Serialized files (Serialized files now loaded: 0)
Unloading 39 unused Assets / (119.7 KB). Loaded Objects now: 4456.
Memory consumption went from 151.1 MB to 151.0 MB.
Total: 4.420800 ms (FindLiveObjects: 0.319400 ms CreateObjectMapping: 0.131100 ms MarkObjects: 3.849700 ms  DeleteObjects: 0.119000 ms)

Prepare: number of updated asset objects reloaded= 0
AssetImportParameters requested are different than current active one (requested -> active):
  custom:container-demuxer-ogg: 62fdf1f143b41e24485cea50d1cbac27 -> 
  custom:video-codec-MediaFoundation-h265: 746d11721c4dcdbdad8f713fa42b33f4 -> 
  custom:video-decoder-ogg-theora: a1e56fd34408186e4bbccfd4996cb3dc -> 
  custom:framework-win-MediaFoundation: 216162199b28c13a410421893ffa2e32 -> 
  custom:CustomObjectIndexerAttribute: 756ad292c208cfabdd7b50bc23989ffe -> 
  custom:container-demuxer-webm: 4f35f7cbe854078d1ac9338744f61a02 -> 
  custom:container-muxer-webm: aa71ff27fc2769a1b78a27578f13a17b -> 
  custom:video-decoder-webm-vp8: 9c59270c3fd7afecdb556c50c9e8de78 -> 
  custom:SearchIndexIgnoredProperties: e643bd26f0fe6173181afceb89e7c659 -> 
  custom:AudioImporter_EditorPlatform: d09bf68614088b80899f8185d706f6e7 -> 
  custom:video-encoder-webm-vp8: eb34c28f22e8b96e1ab97ce403110664 -> 
  custom:audio-decoder-ogg-vorbis: bf7c407c2cedff20999df2af8eb42d56 -> 
  custom:audio-encoder-webm-vorbis: bf7c407c2cedff20999df2af8eb42d56 -> 
========================================================================
Received Import Request.
  Time since last request: 3723.151230 seconds.
  path: Assets/Internal/enemy/slime/Slime_03 King.prefab
  artifactKey: Guid(6b33a06e6ed10d24b8fbf157dbd3ed6c) Importer(815301076,1909f56bfc062723c751e8b465ee728b)
Start importing Assets/Internal/enemy/slime/Slime_03 King.prefab using Guid(6b33a06e6ed10d24b8fbf157dbd3ed6c) Importer(815301076,1909f56bfc062723c751e8b465ee728b)  -> (artifact id: '8fa5ba76baa9f6eb0a94e0b68739537b') in 0.158727 seconds
Number of updated asset objects reloaded before import = 0
Number of asset objects unloaded after import = 54
========================================================================
Received Import Request.
  Time since last request: 0.000038 seconds.
  path: Assets/Internal/enemy/slime/Slime_03 Leaf.prefab
  artifactKey: Guid(2ac73417ea829384ebbfbf30a54bbb77) Importer(815301076,1909f56bfc062723c751e8b465ee728b)
Start importing Assets/Internal/enemy/slime/Slime_03 Leaf.prefab using Guid(2ac73417ea829384ebbfbf30a54bbb77) Importer(815301076,1909f56bfc062723c751e8b465ee728b)  -> (artifact id: '1f3b8f4f958a6db3fca88c6122c2285e') in 0.044821 seconds
Number of updated asset objects reloaded before import = 0
Number of asset objects unloaded after import = 54
========================================================================
Received Import Request.
  Time since last request: 0.000029 seconds.
  path: Assets/Internal/Farm/inventory/collect/wheatCollect.prefab
  artifactKey: Guid(03dc221d017b1ad4894933c1472ddeb6) Importer(815301076,1909f56bfc062723c751e8b465ee728b)
Start importing Assets/Internal/Farm/inventory/collect/wheatCollect.prefab using Guid(03dc221d017b1ad4894933c1472ddeb6) Importer(815301076,1909f56bfc062723c751e8b465ee728b)  -> (artifact id: 'b0133f0abfb4daf222bca701c05cb644') in 0.044380 seconds
Number of updated asset objects reloaded before import = 0
Number of asset objects unloaded after import = 26
========================================================================
Received Import Request.
  Time since last request: 0.000018 seconds.
  path: Assets/Internal/Farm/inventory/FarmTools/water.prefab
  artifactKey: Guid(9d2223ce03b3ab14a82acb859a960263) Importer(815301076,1909f56bfc062723c751e8b465ee728b)
Start importing Assets/Internal/Farm/inventory/FarmTools/water.prefab using Guid(9d2223ce03b3ab14a82acb859a960263) Importer(815301076,1909f56bfc062723c751e8b465ee728b)  -> (artifact id: 'd1de21096e98a178f466d7b2f1fea836') in 0.021015 seconds
Number of updated asset objects reloaded before import = 0
Number of asset objects unloaded after import = 28
========================================================================
Received Import Request.
  Time since last request: 0.000013 seconds.
  path: Assets/Internal/Clothes/Weapon/sword/inventory/whiteSword.prefab
  artifactKey: Guid(faaa37d98d51e4f48bbb7af9fd1bf41f) Importer(815301076,1909f56bfc062723c751e8b465ee728b)
Start importing Assets/Internal/Clothes/Weapon/sword/inventory/whiteSword.prefab using Guid(faaa37d98d51e4f48bbb7af9fd1bf41f) Importer(815301076,1909f56bfc062723c751e8b465ee728b)  -> (artifact id: '18b6ef76f8f686bde4d1f488dae94190') in 0.024410 seconds
Number of updated asset objects reloaded before import = 0
Number of asset objects unloaded after import = 34
========================================================================
Received Import Request.
  Time since last request: 0.000039 seconds.
  path: Assets/Internal/Foods/inventory/waffle.prefab
  artifactKey: Guid(95c2520077191ab469348047752b7f7e) Importer(815301076,1909f56bfc062723c751e8b465ee728b)
Start importing Assets/Internal/Foods/inventory/waffle.prefab using Guid(95c2520077191ab469348047752b7f7e) Importer(815301076,1909f56bfc062723c751e8b465ee728b)  -> (artifact id: '403b69428d2cf94a6412d4d51492c5ad') in 0.021077 seconds
Number of updated asset objects reloaded before import = 0
Number of asset objects unloaded after import = 26
========================================================================
Received Import Request.
  Time since last request: 0.000014 seconds.
  path: Assets/Internal/Foods/world/watermelon.prefab
  artifactKey: Guid(50d82c4ff9c19bd4e961c3e3375cb262) Importer(815301076,1909f56bfc062723c751e8b465ee728b)
Start importing Assets/Internal/Foods/world/watermelon.prefab using Guid(50d82c4ff9c19bd4e961c3e3375cb262) Importer(815301076,1909f56bfc062723c751e8b465ee728b)  -> (artifact id: 'dba54d73adfadf8b9c3448dfdc900d70') in 0.076531 seconds
Number of updated asset objects reloaded before import = 0
Number of asset objects unloaded after import = 41
========================================================================
Received Import Request.
  Time since last request: 0.000026 seconds.
  path: Assets/Internal/Farm/animal/chicken/Toon Chicken.prefab
  artifactKey: Guid(ec4d76500faa5374d8f1456345a03749) Importer(815301076,1909f56bfc062723c751e8b465ee728b)
Start importing Assets/Internal/Farm/animal/chicken/Toon Chicken.prefab using Guid(ec4d76500faa5374d8f1456345a03749) Importer(815301076,1909f56bfc062723c751e8b465ee728b)  -> (artifact id: 'cb475b36fa8d2b93ef7db65704ccb558') in 0.066710 seconds
Number of updated asset objects reloaded before import = 0
Number of asset objects unloaded after import = 97
========================================================================
Received Import Request.
  Time since last request: 0.333977 seconds.
  path: Assets/Internal/Farm/inventory/collect/pumpkinCollect.prefab
  artifactKey: Guid(4234f11817b238f459279f488866c8ad) Importer(815301076,1909f56bfc062723c751e8b465ee728b)
Start importing Assets/Internal/Farm/inventory/collect/pumpkinCollect.prefab using Guid(4234f11817b238f459279f488866c8ad) Importer(815301076,1909f56bfc062723c751e8b465ee728b)  -> (artifact id: 'a675eaa40286e6c691815fa40d70115e') in 0.020846 seconds
Number of updated asset objects reloaded before import = 0
Number of asset objects unloaded after import = 26
========================================================================
Received Import Request.
  Time since last request: 0.000015 seconds.
  path: Assets/Internal/Farm/inventory/Seed/pumpkinSeed.prefab
  artifactKey: Guid(58822639ca9c4d2408f2cd385cd3ea92) Importer(815301076,1909f56bfc062723c751e8b465ee728b)
Start importing Assets/Internal/Farm/inventory/Seed/pumpkinSeed.prefab using Guid(58822639ca9c4d2408f2cd385cd3ea92) Importer(815301076,1909f56bfc062723c751e8b465ee728b)  -> (artifact id: 'adf7dd3fb6a976433616d14fcc8e6827') in 0.027719 seconds
Number of updated asset objects reloaded before import = 0
Number of asset objects unloaded after import = 68
========================================================================
Received Import Request.
  Time since last request: 0.000016 seconds.
  path: Assets/Internal/Farm/animal/inventory/rawChicken.prefab
  artifactKey: Guid(9f00a6ad513b0b24189880c5b7911661) Importer(815301076,1909f56bfc062723c751e8b465ee728b)
Start importing Assets/Internal/Farm/animal/inventory/rawChicken.prefab using Guid(9f00a6ad513b0b24189880c5b7911661) Importer(815301076,1909f56bfc062723c751e8b465ee728b)  -> (artifact id: 'b1ea19a07a8449a0a92e8355d55832fe') in 0.018607 seconds
Number of updated asset objects reloaded before import = 0
Number of asset objects unloaded after import = 26
========================================================================
Received Import Request.
  Time since last request: 0.000013 seconds.
  path: Assets/Internal/Foods/inventory/orange.prefab
  artifactKey: Guid(1b79cc131ea2cd9499188db60a50bf42) Importer(815301076,1909f56bfc062723c751e8b465ee728b)
Start importing Assets/Internal/Foods/inventory/orange.prefab using Guid(1b79cc131ea2cd9499188db60a50bf42) Importer(815301076,1909f56bfc062723c751e8b465ee728b)  -> (artifact id: 'd98120aa5cd255724fbaae122afe1aa0') in 0.017994 seconds
Number of updated asset objects reloaded before import = 0
Number of asset objects unloaded after import = 26
========================================================================
Received Import Request.
  Time since last request: 0.000017 seconds.
  path: Assets/Internal/Foods/world/pea.prefab
  artifactKey: Guid(f1439a50b07862e4795de967827f7c24) Importer(815301076,1909f56bfc062723c751e8b465ee728b)
Start importing Assets/Internal/Foods/world/pea.prefab using Guid(f1439a50b07862e4795de967827f7c24) Importer(815301076,1909f56bfc062723c751e8b465ee728b)  -> (artifact id: 'f7df62745c16250d9858361e81446a26') in 0.041164 seconds
Number of updated asset objects reloaded before import = 0
Number of asset objects unloaded after import = 41
========================================================================
Received Import Request.
  Time since last request: 0.030283 seconds.
  path: Assets/Internal/Foods/inventory/lemon.prefab
  artifactKey: Guid(affae5d7e6e53c9488e75d798ffd895b) Importer(815301076,1909f56bfc062723c751e8b465ee728b)
Start importing Assets/Internal/Foods/inventory/lemon.prefab using Guid(affae5d7e6e53c9488e75d798ffd895b) Importer(815301076,1909f56bfc062723c751e8b465ee728b)  -> (artifact id: '515a3c6acf9b07f344977aa16437eb0a') in 0.018323 seconds
Number of updated asset objects reloaded before import = 0
Number of asset objects unloaded after import = 26
========================================================================
Received Import Request.
  Time since last request: 0.029183 seconds.
  path: Assets/Internal/Foods/inventory/onion.prefab
  artifactKey: Guid(ac6014f4989b039479ed2867317764ab) Importer(815301076,1909f56bfc062723c751e8b465ee728b)
Start importing Assets/Internal/Foods/inventory/onion.prefab using Guid(ac6014f4989b039479ed2867317764ab) Importer(815301076,1909f56bfc062723c751e8b465ee728b)  -> (artifact id: '0489d1b7058c73e38d1a209097dcef5a') in 0.020818 seconds
Number of updated asset objects reloaded before import = 0
Number of asset objects unloaded after import = 26
========================================================================
Received Prepare
Begin MonoManager ReloadAssembly
- Loaded All Assemblies, in  0.387 seconds
Refreshing native plugins compatible for Editor in 2.92 ms, found 3 plugins.
Native extension for WindowsStandalone target not found
Native extension for Android target not found
Native extension for WebGL target not found
[Package Manager] Server::EnsureServerProcessIsRunning -- launch failed, reason: Unity was launched with the -noUpm command-line argument
[Package Manager] UpmClient::Send -- Unable to send message (not connected to UPM process).
[Package Manager] Cannot connect to Unity Package Manager local server
Mono: successfully reloaded assembly
[Package Manager] Server::EnsureServerProcessIsRunning -- launch failed, reason: Unity was launched with the -noUpm command-line argument
[Package Manager] UpmClient::Send -- Unable to send message (not connected to UPM process).
[Package Manager] Cannot connect to Unity Package Manager local server
- Finished resetting the current domain, in  0.971 seconds
Domain Reload Profiling: 1356ms
	BeginReloadAssembly (144ms)
		ExecutionOrderSort (0ms)
		DisableScriptedObjects (5ms)
		BackupInstance (0ms)
		ReleaseScriptingObjects (0ms)
		CreateAndSetChildDomain (42ms)
	RebuildCommonClasses (35ms)
	RebuildNativeTypeToScriptingClass (9ms)
	initialDomainReloadingComplete (23ms)
	LoadAllAssembliesAndSetupDomain (173ms)
		LoadAssemblies (229ms)
		RebuildTransferFunctionScriptingTraits (0ms)
		AnalyzeDomain (13ms)
			TypeCache.Refresh (6ms)
				TypeCache.ScanAssembly (0ms)
			ScanForSourceGeneratedMonoScriptInfo (0ms)
			ResolveRequiredComponents (5ms)
	FinalizeReload (972ms)
		ReleaseScriptCaches (0ms)
		RebuildScriptCaches (0ms)
		SetupLoadedEditorAssemblies (530ms)
			LogAssemblyErrors (0ms)
			InitializePlatformSupportModulesInManaged (32ms)
			SetLoadedEditorAssemblies (4ms)
			RefreshPlugins (0ms)
			BeforeProcessingInitializeOnLoad (69ms)
			ProcessInitializeOnLoadAttributes (388ms)
			ProcessInitializeOnLoadMethodAttributes (30ms)
			AfterProcessingInitializeOnLoad (6ms)
			EditorAssembliesLoaded (0ms)
		ExecutionOrderSort2 (0ms)
		AwakeInstancesAfterBackupRestoration (8ms)
Refreshing native plugins compatible for Editor in 5.53 ms, found 3 plugins.
Preloading 0 native plugins for Editor in 0.00 ms.
Unloading 3920 Unused Serialized files (Serialized files now loaded: 0)
Unloading 41 unused Assets / (120.4 KB). Loaded Objects now: 4478.
Memory consumption went from 155.0 MB to 154.9 MB.
Total: 4.789400 ms (FindLiveObjects: 0.454400 ms CreateObjectMapping: 0.375800 ms MarkObjects: 3.811400 ms  DeleteObjects: 0.145600 ms)

Prepare: number of updated asset objects reloaded= 0
AssetImportParameters requested are different than current active one (requested -> active):
  custom:container-demuxer-ogg: 62fdf1f143b41e24485cea50d1cbac27 -> 
  custom:video-codec-MediaFoundation-h265: 746d11721c4dcdbdad8f713fa42b33f4 -> 
  custom:video-decoder-ogg-theora: a1e56fd34408186e4bbccfd4996cb3dc -> 
  custom:framework-win-MediaFoundation: 216162199b28c13a410421893ffa2e32 -> 
  custom:CustomObjectIndexerAttribute: 756ad292c208cfabdd7b50bc23989ffe -> 
  custom:container-demuxer-webm: 4f35f7cbe854078d1ac9338744f61a02 -> 
  custom:container-muxer-webm: aa71ff27fc2769a1b78a27578f13a17b -> 
  custom:video-decoder-webm-vp8: 9c59270c3fd7afecdb556c50c9e8de78 -> 
  custom:SearchIndexIgnoredProperties: e643bd26f0fe6173181afceb89e7c659 -> 
  custom:AudioImporter_EditorPlatform: d09bf68614088b80899f8185d706f6e7 -> 
  custom:video-encoder-webm-vp8: eb34c28f22e8b96e1ab97ce403110664 -> 
  custom:audio-decoder-ogg-vorbis: bf7c407c2cedff20999df2af8eb42d56 -> 
  custom:audio-encoder-webm-vorbis: bf7c407c2cedff20999df2af8eb42d56 -> 
Editor requested this worker to shutdown with reason: Scaling down because of idle timeout
TcpMessagingSession - receive error: operation aborted. errorcode: 995, details: The I/O operation has been aborted because of either a thread exit or an application request.
AssetImportWorker is now disconnected from the server
Process exiting
Exiting without the bug reporter. Application will terminate with return code 0