Using pre-set license
Built from '2022.3/staging' branch; Version is '2022.3.11f1 (d00248457e15) revision 13632072'; Using compiler version '192829333'; Build Type 'Release'
OS: 'Windows 11  (10.0.22631) 64bit CoreSingleLanguage' Language: 'en' Physical Memory: 16163 MB
BatchMode: 1, IsHumanControllingUs: 0, StartBugReporterOnCrash: 0, Is64bit: 1, IsPro: 1

COMMAND LINE ARGUMENTS:
C:\Program Files\Unity\Hub\Editor\2022.3.11f1\Editor\Unity.exe
-adb2
-batchMode
-noUpm
-name
AssetImportWorker2
-projectPath
F:/Beta_Unity/Mobile/3d/Mobile_Game_1
-logFile
Logs/AssetImportWorker2.log
-srvPort
51582
Successfully changed project path to: F:/Beta_Unity/Mobile/3d/Mobile_Game_1
F:/Beta_Unity/Mobile/3d/Mobile_Game_1
[UnityMemory] Configuration Parameters - Can be set up in boot.config
    "memorysetup-bucket-allocator-granularity=16"
    "memorysetup-bucket-allocator-bucket-count=8"
    "memorysetup-bucket-allocator-block-size=33554432"
    "memorysetup-bucket-allocator-block-count=8"
    "memorysetup-main-allocator-block-size=16777216"
    "memorysetup-thread-allocator-block-size=16777216"
    "memorysetup-gfx-main-allocator-block-size=16777216"
    "memorysetup-gfx-thread-allocator-block-size=16777216"
    "memorysetup-cache-allocator-block-size=4194304"
    "memorysetup-typetree-allocator-block-size=2097152"
    "memorysetup-profiler-bucket-allocator-granularity=16"
    "memorysetup-profiler-bucket-allocator-bucket-count=8"
    "memorysetup-profiler-bucket-allocator-block-size=33554432"
    "memorysetup-profiler-bucket-allocator-block-count=8"
    "memorysetup-profiler-allocator-block-size=16777216"
    "memorysetup-profiler-editor-allocator-block-size=1048576"
    "memorysetup-temp-allocator-size-main=16777216"
    "memorysetup-job-temp-allocator-block-size=2097152"
    "memorysetup-job-temp-allocator-block-size-background=1048576"
    "memorysetup-job-temp-allocator-reduction-small-platforms=262144"
    "memorysetup-allocator-temp-initial-block-size-main=262144"
    "memorysetup-allocator-temp-initial-block-size-worker=262144"
    "memorysetup-temp-allocator-size-background-worker=32768"
    "memorysetup-temp-allocator-size-job-worker=262144"
    "memorysetup-temp-allocator-size-preload-manager=33554432"
    "memorysetup-temp-allocator-size-nav-mesh-worker=65536"
    "memorysetup-temp-allocator-size-audio-worker=65536"
    "memorysetup-temp-allocator-size-cloud-worker=32768"
    "memorysetup-temp-allocator-size-gi-baking-worker=262144"
    "memorysetup-temp-allocator-size-gfx=262144"
Player connection [20100] Host "[IP] 192.168.0.106 [Port] 0 [Flags] 2 [Guid] 982731178 [EditorId] 982731178 [Version] 1048832 [Id] WindowsEditor(7,Admin) [Debug] 1 [PackageName] WindowsEditor [ProjectName] Editor" joined multi-casting on [225.0.0.222:54997]...

Player connection [20100] Host "[IP] 192.168.0.106 [Port] 0 [Flags] 2 [Guid] 982731178 [EditorId] 982731178 [Version] 1048832 [Id] WindowsEditor(7,Admin) [Debug] 1 [PackageName] WindowsEditor [ProjectName] Editor" joined alternative multi-casting on [225.0.0.222:34997]...

[Physics::Module] Initialized MultithreadedJobDispatcher with 11 workers.
Refreshing native plugins compatible for Editor in 6.79 ms, found 3 plugins.
Preloading 0 native plugins for Editor in 0.00 ms.
Initialize engine version: 2022.3.11f1 (d00248457e15)
[Subsystems] Discovering subsystems at path C:/Program Files/Unity/Hub/Editor/2022.3.11f1/Editor/Data/Resources/UnitySubsystems
[Subsystems] Discovering subsystems at path F:/Beta_Unity/Mobile/3d/Mobile_Game_1/Assets
GfxDevice: creating device client; threaded=0; jobified=0
Direct3D:
    Version:  Direct3D 11.0 [level 11.1]
    Renderer: NVIDIA GeForce GTX 1650 (ID=0x1f9d)
    Vendor:   NVIDIA
    VRAM:     3962 MB
    Driver:   31.0.15.1748
Initialize mono
Mono path[0] = 'C:/Program Files/Unity/Hub/Editor/2022.3.11f1/Editor/Data/Managed'
Mono path[1] = 'C:/Program Files/Unity/Hub/Editor/2022.3.11f1/Editor/Data/MonoBleedingEdge/lib/mono/unityjit-win32'
Mono config path = 'C:/Program Files/Unity/Hub/Editor/2022.3.11f1/Editor/Data/MonoBleedingEdge/etc'
Using monoOptions --debugger-agent=transport=dt_socket,embedding=1,server=y,suspend=n,address=127.0.0.1:56020
Begin MonoManager ReloadAssembly
Registering precompiled unity dll's ...
Register platform support module: C:/Program Files/Unity/Hub/Editor/2022.3.11f1/Editor/Data/PlaybackEngines/WebGLSupport/UnityEditor.WebGL.Extensions.dll
Register platform support module: C:/Program Files/Unity/Hub/Editor/2022.3.11f1/Editor/Data/PlaybackEngines/AndroidPlayer/UnityEditor.Android.Extensions.dll
Register platform support module: C:/Program Files/Unity/Hub/Editor/2022.3.11f1/Editor/Data/PlaybackEngines/WindowsStandaloneSupport/UnityEditor.WindowsStandalone.Extensions.dll
Registered in 0.302073 seconds.
- Loaded All Assemblies, in  4.913 seconds
Native extension for WindowsStandalone target not found
Native extension for Android target not found
Android Extension - Scanning For ADB Devices 502 ms
Native extension for WebGL target not found
Mono: successfully reloaded assembly
- Finished resetting the current domain, in  0.940 seconds
Domain Reload Profiling: 5853ms
	BeginReloadAssembly (3146ms)
		ExecutionOrderSort (0ms)
		DisableScriptedObjects (0ms)
		BackupInstance (0ms)
		ReleaseScriptingObjects (0ms)
		CreateAndSetChildDomain (1ms)
	RebuildCommonClasses (347ms)
	RebuildNativeTypeToScriptingClass (10ms)
	initialDomainReloadingComplete (349ms)
	LoadAllAssembliesAndSetupDomain (1061ms)
		LoadAssemblies (3145ms)
		RebuildTransferFunctionScriptingTraits (0ms)
		AnalyzeDomain (1058ms)
			TypeCache.Refresh (1056ms)
				TypeCache.ScanAssembly (839ms)
			ScanForSourceGeneratedMonoScriptInfo (0ms)
			ResolveRequiredComponents (1ms)
	FinalizeReload (941ms)
		ReleaseScriptCaches (0ms)
		RebuildScriptCaches (0ms)
		SetupLoadedEditorAssemblies (880ms)
			LogAssemblyErrors (0ms)
			InitializePlatformSupportModulesInManaged (713ms)
			SetLoadedEditorAssemblies (4ms)
			RefreshPlugins (0ms)
			BeforeProcessingInitializeOnLoad (2ms)
			ProcessInitializeOnLoadAttributes (106ms)
			ProcessInitializeOnLoadMethodAttributes (55ms)
			AfterProcessingInitializeOnLoad (0ms)
			EditorAssembliesLoaded (0ms)
		ExecutionOrderSort2 (0ms)
		AwakeInstancesAfterBackupRestoration (0ms)
========================================================================
Worker process is ready to serve import requests
Begin MonoManager ReloadAssembly
- Loaded All Assemblies, in  5.834 seconds
Refreshing native plugins compatible for Editor in 3.81 ms, found 3 plugins.
Native extension for WindowsStandalone target not found
Native extension for Android target not found
Native extension for WebGL target not found
Package Manager log level set to [2]
[Package Manager] Server::EnsureServerProcessIsRunning -- launch failed, reason: Unity was launched with the -noUpm command-line argument
[Package Manager] UpmClient::Send -- Unable to send message (not connected to UPM process).
[Package Manager] Cannot connect to Unity Package Manager local server
Mono: successfully reloaded assembly
[Package Manager] Server::EnsureServerProcessIsRunning -- launch failed, reason: Unity was launched with the -noUpm command-line argument
[Package Manager] UpmClient::Send -- Unable to send message (not connected to UPM process).
[Package Manager] Cannot connect to Unity Package Manager local server
[Package Manager] Server::EnsureServerProcessIsRunning -- launch failed, reason: Unity was launched with the -noUpm command-line argument
[Package Manager] UpmClient::Send -- Unable to send message (not connected to UPM process).
[Package Manager] Cannot connect to Unity Package Manager local server
- Finished resetting the current domain, in  0.679 seconds
Domain Reload Profiling: 6512ms
	BeginReloadAssembly (156ms)
		ExecutionOrderSort (0ms)
		DisableScriptedObjects (5ms)
		BackupInstance (0ms)
		ReleaseScriptingObjects (0ms)
		CreateAndSetChildDomain (29ms)
	RebuildCommonClasses (35ms)
	RebuildNativeTypeToScriptingClass (10ms)
	initialDomainReloadingComplete (44ms)
	LoadAllAssembliesAndSetupDomain (5589ms)
		LoadAssemblies (5089ms)
		RebuildTransferFunctionScriptingTraits (0ms)
		AnalyzeDomain (587ms)
			TypeCache.Refresh (557ms)
				TypeCache.ScanAssembly (497ms)
			ScanForSourceGeneratedMonoScriptInfo (22ms)
			ResolveRequiredComponents (5ms)
	FinalizeReload (679ms)
		ReleaseScriptCaches (0ms)
		RebuildScriptCaches (0ms)
		SetupLoadedEditorAssemblies (503ms)
			LogAssemblyErrors (0ms)
			InitializePlatformSupportModulesInManaged (24ms)
			SetLoadedEditorAssemblies (3ms)
			RefreshPlugins (0ms)
			BeforeProcessingInitializeOnLoad (58ms)
			ProcessInitializeOnLoadAttributes (376ms)
			ProcessInitializeOnLoadMethodAttributes (37ms)
			AfterProcessingInitializeOnLoad (6ms)
			EditorAssembliesLoaded (0ms)
		ExecutionOrderSort2 (0ms)
		AwakeInstancesAfterBackupRestoration (6ms)
Launched and connected shader compiler UnityShaderCompiler.exe after 0.06 seconds
Refreshing native plugins compatible for Editor in 3.80 ms, found 3 plugins.
Preloading 0 native plugins for Editor in 0.00 ms.
Unloading 3879 Unused Serialized files (Serialized files now loaded: 0)
Unloading 70 unused Assets / (147.7 KB). Loaded Objects now: 4335.
Memory consumption went from 148.3 MB to 148.1 MB.
Total: 4.197800 ms (FindLiveObjects: 0.401500 ms CreateObjectMapping: 0.126800 ms MarkObjects: 3.410600 ms  DeleteObjects: 0.255800 ms)

AssetImportParameters requested are different than current active one (requested -> active):
  custom:container-demuxer-ogg: 62fdf1f143b41e24485cea50d1cbac27 -> 
  custom:video-codec-MediaFoundation-h265: 746d11721c4dcdbdad8f713fa42b33f4 -> 
  custom:video-decoder-ogg-theora: a1e56fd34408186e4bbccfd4996cb3dc -> 
  custom:framework-win-MediaFoundation: 216162199b28c13a410421893ffa2e32 -> 
  custom:CustomObjectIndexerAttribute: 756ad292c208cfabdd7b50bc23989ffe -> 
  custom:container-demuxer-webm: 4f35f7cbe854078d1ac9338744f61a02 -> 
  custom:container-muxer-webm: aa71ff27fc2769a1b78a27578f13a17b -> 
  custom:video-decoder-webm-vp8: 9c59270c3fd7afecdb556c50c9e8de78 -> 
  custom:SearchIndexIgnoredProperties: e643bd26f0fe6173181afceb89e7c659 -> 
  custom:AudioImporter_EditorPlatform: d09bf68614088b80899f8185d706f6e7 -> 
  custom:video-encoder-webm-vp8: eb34c28f22e8b96e1ab97ce403110664 -> 
  custom:audio-decoder-ogg-vorbis: bf7c407c2cedff20999df2af8eb42d56 -> 
  custom:audio-encoder-webm-vorbis: bf7c407c2cedff20999df2af8eb42d56 -> 
========================================================================
Received Import Request.
  Time since last request: 5892.620383 seconds.
  path: Assets/Internal/Farm/inventory/Seed/wheatSeed.prefab
  artifactKey: Guid(a1e68143550932c41b2a9f567ceaa6d2) Importer(815301076,1909f56bfc062723c751e8b465ee728b)
Start importing Assets/Internal/Farm/inventory/Seed/wheatSeed.prefab using Guid(a1e68143550932c41b2a9f567ceaa6d2) Importer(815301076,1909f56bfc062723c751e8b465ee728b)  -> (artifact id: 'f1fadd4efc071706ad8ff1ffe66fcf4c') in 0.240150 seconds
Number of updated asset objects reloaded before import = 0
Number of asset objects unloaded after import = 51
========================================================================
Received Import Request.
  Time since last request: 131.570715 seconds.
  path: Assets/Internal/Farm/Update_1/FarmTile/farmTile.prefab
  artifactKey: Guid(e758b519996d2b248b41ef356e4fada2) Importer(815301076,1909f56bfc062723c751e8b465ee728b)
Start importing Assets/Internal/Farm/Update_1/FarmTile/farmTile.prefab using Guid(e758b519996d2b248b41ef356e4fada2) Importer(815301076,1909f56bfc062723c751e8b465ee728b)  -> (artifact id: 'b964b19277cf127e9297aa45f69ffd71') in 0.079359 seconds
Number of updated asset objects reloaded before import = 0
Number of asset objects unloaded after import = 113
========================================================================
Received Prepare
Begin MonoManager ReloadAssembly
- Loaded All Assemblies, in  0.368 seconds
Refreshing native plugins compatible for Editor in 2.74 ms, found 3 plugins.
Native extension for WindowsStandalone target not found
Native extension for Android target not found
Native extension for WebGL target not found
[Package Manager] Server::EnsureServerProcessIsRunning -- launch failed, reason: Unity was launched with the -noUpm command-line argument
[Package Manager] UpmClient::Send -- Unable to send message (not connected to UPM process).
[Package Manager] Cannot connect to Unity Package Manager local server
Mono: successfully reloaded assembly
[Package Manager] Server::EnsureServerProcessIsRunning -- launch failed, reason: Unity was launched with the -noUpm command-line argument
[Package Manager] UpmClient::Send -- Unable to send message (not connected to UPM process).
[Package Manager] Cannot connect to Unity Package Manager local server
- Finished resetting the current domain, in  0.838 seconds
Domain Reload Profiling: 1205ms
	BeginReloadAssembly (136ms)
		ExecutionOrderSort (0ms)
		DisableScriptedObjects (5ms)
		BackupInstance (0ms)
		ReleaseScriptingObjects (0ms)
		CreateAndSetChildDomain (35ms)
	RebuildCommonClasses (26ms)
	RebuildNativeTypeToScriptingClass (9ms)
	initialDomainReloadingComplete (33ms)
	LoadAllAssembliesAndSetupDomain (162ms)
		LoadAssemblies (218ms)
		RebuildTransferFunctionScriptingTraits (0ms)
		AnalyzeDomain (12ms)
			TypeCache.Refresh (6ms)
				TypeCache.ScanAssembly (0ms)
			ScanForSourceGeneratedMonoScriptInfo (0ms)
			ResolveRequiredComponents (5ms)
	FinalizeReload (839ms)
		ReleaseScriptCaches (0ms)
		RebuildScriptCaches (0ms)
		SetupLoadedEditorAssemblies (467ms)
			LogAssemblyErrors (0ms)
			InitializePlatformSupportModulesInManaged (28ms)
			SetLoadedEditorAssemblies (3ms)
			RefreshPlugins (0ms)
			BeforeProcessingInitializeOnLoad (63ms)
			ProcessInitializeOnLoadAttributes (341ms)
			ProcessInitializeOnLoadMethodAttributes (28ms)
			AfterProcessingInitializeOnLoad (4ms)
			EditorAssembliesLoaded (0ms)
		ExecutionOrderSort2 (0ms)
		AwakeInstancesAfterBackupRestoration (7ms)
Refreshing native plugins compatible for Editor in 2.95 ms, found 3 plugins.
Preloading 0 native plugins for Editor in 0.00 ms.
Unloading 3857 Unused Serialized files (Serialized files now loaded: 0)
Unloading 40 unused Assets / (121.4 KB). Loaded Objects now: 4357.
Memory consumption went from 144.8 MB to 144.6 MB.
Total: 4.754600 ms (FindLiveObjects: 0.404500 ms CreateObjectMapping: 0.136500 ms MarkObjects: 4.068700 ms  DeleteObjects: 0.143300 ms)

Prepare: number of updated asset objects reloaded= 0
AssetImportParameters requested are different than current active one (requested -> active):
  custom:container-demuxer-ogg: 62fdf1f143b41e24485cea50d1cbac27 -> 
  custom:video-codec-MediaFoundation-h265: 746d11721c4dcdbdad8f713fa42b33f4 -> 
  custom:video-decoder-ogg-theora: a1e56fd34408186e4bbccfd4996cb3dc -> 
  custom:framework-win-MediaFoundation: 216162199b28c13a410421893ffa2e32 -> 
  custom:CustomObjectIndexerAttribute: 756ad292c208cfabdd7b50bc23989ffe -> 
  custom:container-demuxer-webm: 4f35f7cbe854078d1ac9338744f61a02 -> 
  custom:container-muxer-webm: aa71ff27fc2769a1b78a27578f13a17b -> 
  custom:video-decoder-webm-vp8: 9c59270c3fd7afecdb556c50c9e8de78 -> 
  custom:SearchIndexIgnoredProperties: e643bd26f0fe6173181afceb89e7c659 -> 
  custom:AudioImporter_EditorPlatform: d09bf68614088b80899f8185d706f6e7 -> 
  custom:video-encoder-webm-vp8: eb34c28f22e8b96e1ab97ce403110664 -> 
  custom:audio-decoder-ogg-vorbis: bf7c407c2cedff20999df2af8eb42d56 -> 
  custom:audio-encoder-webm-vorbis: bf7c407c2cedff20999df2af8eb42d56 -> 
========================================================================
Received Import Request.
  Time since last request: 37.055478 seconds.
  path: Assets/Internal/Farm/Original/BiNgo1.prefab
  artifactKey: Guid(79ac5693fbf897a4193e4e3015d705f0) Importer(815301076,1909f56bfc062723c751e8b465ee728b)
Start importing Assets/Internal/Farm/Original/BiNgo1.prefab using Guid(79ac5693fbf897a4193e4e3015d705f0) Importer(815301076,1909f56bfc062723c751e8b465ee728b)  -> (artifact id: '4ae8e7c4bb6845bde3e408c751be4b5c') in 0.111179 seconds
Number of updated asset objects reloaded before import = 0
Number of asset objects unloaded after import = 92
========================================================================
Received Import Request.
  Time since last request: 0.000030 seconds.
  path: Assets/Internal/Farm/Original/wheat3.prefab
  artifactKey: Guid(c10845f8e3708ba43b2e4301a5ad13a0) Importer(815301076,1909f56bfc062723c751e8b465ee728b)
Start importing Assets/Internal/Farm/Original/wheat3.prefab using Guid(c10845f8e3708ba43b2e4301a5ad13a0) Importer(815301076,1909f56bfc062723c751e8b465ee728b)  -> (artifact id: 'b6e0f4a15a947dd203cbe2f7b6806e4d') in 0.143080 seconds
Number of updated asset objects reloaded before import = 0
Number of asset objects unloaded after import = 14
========================================================================
Received Import Request.
  Time since last request: 0.000040 seconds.
  path: Assets/Internal/Farm/Original/WheatSeed.prefab
  artifactKey: Guid(34b2800ea203d0a4e9a4e096e84447a6) Importer(815301076,1909f56bfc062723c751e8b465ee728b)
Start importing Assets/Internal/Farm/Original/WheatSeed.prefab using Guid(34b2800ea203d0a4e9a4e096e84447a6) Importer(815301076,1909f56bfc062723c751e8b465ee728b)  -> (artifact id: '21ef0eb9d5d384829766295d2375ca36') in 0.018527 seconds
Number of updated asset objects reloaded before import = 0
Number of asset objects unloaded after import = 92
========================================================================
Received Import Request.
  Time since last request: 0.000025 seconds.
  path: Assets/Internal/Farm/Original/Corn1.prefab
  artifactKey: Guid(7ae9af47b91f6a543a51b57dee26bed8) Importer(815301076,1909f56bfc062723c751e8b465ee728b)
Start importing Assets/Internal/Farm/Original/Corn1.prefab using Guid(7ae9af47b91f6a543a51b57dee26bed8) Importer(815301076,1909f56bfc062723c751e8b465ee728b)  -> (artifact id: 'ab651b234bcb4d1c8c2ebe2f7651c886') in 0.022579 seconds
Number of updated asset objects reloaded before import = 0
Number of asset objects unloaded after import = 92
========================================================================
Received Import Request.
  Time since last request: 0.000028 seconds.
  path: Assets/Internal/Farm/Original/Corn2.prefab
  artifactKey: Guid(a43973eb3ed33bd4587917f962fd0b24) Importer(815301076,1909f56bfc062723c751e8b465ee728b)
Start importing Assets/Internal/Farm/Original/Corn2.prefab using Guid(a43973eb3ed33bd4587917f962fd0b24) Importer(815301076,1909f56bfc062723c751e8b465ee728b)  -> (artifact id: '4ed21c8101140afc5b7fd3f7c31d0588') in 0.028577 seconds
Number of updated asset objects reloaded before import = 0
Number of asset objects unloaded after import = 92
========================================================================
Received Import Request.
  Time since last request: 0.000022 seconds.
  path: Assets/Internal/Farm/Original/PumskinSeed.prefab
  artifactKey: Guid(ac49c3bc7d88a3f4b9ea35e1c86dd9da) Importer(815301076,1909f56bfc062723c751e8b465ee728b)
Start importing Assets/Internal/Farm/Original/PumskinSeed.prefab using Guid(ac49c3bc7d88a3f4b9ea35e1c86dd9da) Importer(815301076,1909f56bfc062723c751e8b465ee728b)  -> (artifact id: 'e9d22469630c6efb07d4cf235f510c33') in 0.017984 seconds
Number of updated asset objects reloaded before import = 0
Number of asset objects unloaded after import = 92
========================================================================
Received Import Request.
  Time since last request: 0.000031 seconds.
  path: Assets/Internal/Farm/Original/WheatLoose.prefab
  artifactKey: Guid(38c40c6f20b86904a8edb78d9a66932a) Importer(815301076,1909f56bfc062723c751e8b465ee728b)
Start importing Assets/Internal/Farm/Original/WheatLoose.prefab using Guid(38c40c6f20b86904a8edb78d9a66932a) Importer(815301076,1909f56bfc062723c751e8b465ee728b)  -> (artifact id: 'a8d91f25868534874c4def0d35ff0a93') in 0.021139 seconds
Number of updated asset objects reloaded before import = 0
Number of asset objects unloaded after import = 92
========================================================================
Received Import Request.
  Time since last request: 0.000027 seconds.
  path: Assets/Internal/Farm/Original/WheatOriginal.prefab
  artifactKey: Guid(ac79fd02a233c2942ac81a7f4d5b85bb) Importer(815301076,1909f56bfc062723c751e8b465ee728b)
Start importing Assets/Internal/Farm/Original/WheatOriginal.prefab using Guid(ac79fd02a233c2942ac81a7f4d5b85bb) Importer(815301076,1909f56bfc062723c751e8b465ee728b)  -> (artifact id: '1c87e0fc3df700e49a89acadcac5afb7') in 0.027719 seconds
Number of updated asset objects reloaded before import = 0
Number of asset objects unloaded after import = 92
========================================================================
Received Import Request.
  Time since last request: 0.000020 seconds.
  path: Assets/Internal/Farm/Original/CornSeed.prefab
  artifactKey: Guid(c4aa3985f4166e240ad4cc05055f5046) Importer(815301076,1909f56bfc062723c751e8b465ee728b)
Start importing Assets/Internal/Farm/Original/CornSeed.prefab using Guid(c4aa3985f4166e240ad4cc05055f5046) Importer(815301076,1909f56bfc062723c751e8b465ee728b)  -> (artifact id: '6a6b6b18b8eedcc7baf7ac1860c9bfac') in 0.019138 seconds
Number of updated asset objects reloaded before import = 0
Number of asset objects unloaded after import = 92
========================================================================
Received Import Request.
  Time since last request: 0.000027 seconds.
  path: Assets/Internal/Farm/Original/FarmTile.prefab
  artifactKey: Guid(02e131e02edbe864f800c2db62cbac09) Importer(815301076,1909f56bfc062723c751e8b465ee728b)
Start importing Assets/Internal/Farm/Original/FarmTile.prefab using Guid(02e131e02edbe864f800c2db62cbac09) Importer(815301076,1909f56bfc062723c751e8b465ee728b)  -> (artifact id: '3de0971395bfcccfb7f464d6ff7c2597') in 0.024359 seconds
Number of updated asset objects reloaded before import = 0
Number of asset objects unloaded after import = 92
========================================================================
Received Import Request.
  Time since last request: 1.466893 seconds.
  path: Assets/Internal/Farm/Original/BiNgo1.prefab
  artifactKey: Guid(79ac5693fbf897a4193e4e3015d705f0) Importer(815301076,1909f56bfc062723c751e8b465ee728b)
Start importing Assets/Internal/Farm/Original/BiNgo1.prefab using Guid(79ac5693fbf897a4193e4e3015d705f0) Importer(815301076,1909f56bfc062723c751e8b465ee728b)  -> (artifact id: 'de389db88cc111b865edb91a7259ae5a') in 0.016363 seconds
Number of updated asset objects reloaded before import = 0
Number of asset objects unloaded after import = 92
========================================================================
Received Import Request.
  Time since last request: 0.000022 seconds.
  path: Assets/Internal/Farm/Original/BiNgo3.prefab
  artifactKey: Guid(70108d6dd2731a64b9fa9f21a3327fc5) Importer(815301076,1909f56bfc062723c751e8b465ee728b)
Start importing Assets/Internal/Farm/Original/BiNgo3.prefab using Guid(70108d6dd2731a64b9fa9f21a3327fc5) Importer(815301076,1909f56bfc062723c751e8b465ee728b)  -> (artifact id: '927af0246928bfdb38c214507fcae662') in 0.026820 seconds
Number of updated asset objects reloaded before import = 0
Number of asset objects unloaded after import = 92
========================================================================
Received Import Request.
  Time since last request: 0.000036 seconds.
  path: Assets/Internal/Farm/Original/wheat1.prefab
  artifactKey: Guid(ca96088156bd89a489101e9f66753689) Importer(815301076,1909f56bfc062723c751e8b465ee728b)
Start importing Assets/Internal/Farm/Original/wheat1.prefab using Guid(ca96088156bd89a489101e9f66753689) Importer(815301076,1909f56bfc062723c751e8b465ee728b)  -> (artifact id: '6f22391c22c49bf4d81f8223986ba1ae') in 0.050378 seconds
Number of updated asset objects reloaded before import = 0
Number of asset objects unloaded after import = 14
========================================================================
Received Import Request.
  Time since last request: 0.000025 seconds.
  path: Assets/Internal/Farm/Original/Corn1.prefab
  artifactKey: Guid(7ae9af47b91f6a543a51b57dee26bed8) Importer(815301076,1909f56bfc062723c751e8b465ee728b)
Start importing Assets/Internal/Farm/Original/Corn1.prefab using Guid(7ae9af47b91f6a543a51b57dee26bed8) Importer(815301076,1909f56bfc062723c751e8b465ee728b)  -> (artifact id: 'a8c1bb937c2e9208d5ee3b3bb416c46d') in 0.022498 seconds
Number of updated asset objects reloaded before import = 0
Number of asset objects unloaded after import = 92
========================================================================
Received Import Request.
  Time since last request: 0.000048 seconds.
  path: Assets/Internal/Farm/Original/Corn2.prefab
  artifactKey: Guid(a43973eb3ed33bd4587917f962fd0b24) Importer(815301076,1909f56bfc062723c751e8b465ee728b)
Start importing Assets/Internal/Farm/Original/Corn2.prefab using Guid(a43973eb3ed33bd4587917f962fd0b24) Importer(815301076,1909f56bfc062723c751e8b465ee728b)  -> (artifact id: '657b01408777d2478d56dceb4b64f41a') in 0.017870 seconds
Number of updated asset objects reloaded before import = 0
Number of asset objects unloaded after import = 92
========================================================================
Received Import Request.
  Time since last request: 0.000019 seconds.
  path: Assets/Internal/Farm/Original/WheatLoose.prefab
  artifactKey: Guid(38c40c6f20b86904a8edb78d9a66932a) Importer(815301076,1909f56bfc062723c751e8b465ee728b)
Start importing Assets/Internal/Farm/Original/WheatLoose.prefab using Guid(38c40c6f20b86904a8edb78d9a66932a) Importer(815301076,1909f56bfc062723c751e8b465ee728b)  -> (artifact id: '7d8fe516ce362ebff46b89d0a7ec1868') in 0.023220 seconds
Number of updated asset objects reloaded before import = 0
Number of asset objects unloaded after import = 92
========================================================================
Received Import Request.
  Time since last request: 0.000053 seconds.
  path: Assets/Internal/Farm/Original/CornLoose.prefab
  artifactKey: Guid(1f94fb667d1c2ee4eb14436c73efc882) Importer(815301076,1909f56bfc062723c751e8b465ee728b)
Start importing Assets/Internal/Farm/Original/CornLoose.prefab using Guid(1f94fb667d1c2ee4eb14436c73efc882) Importer(815301076,1909f56bfc062723c751e8b465ee728b)  -> (artifact id: '72b1f98cf9b594bebe4c7e9b94a64298') in 0.027300 seconds
Number of updated asset objects reloaded before import = 0
Number of asset objects unloaded after import = 92
========================================================================
Received Import Request.
  Time since last request: 0.000049 seconds.
  path: Assets/Internal/Farm/Original/CornSeed.prefab
  artifactKey: Guid(c4aa3985f4166e240ad4cc05055f5046) Importer(815301076,1909f56bfc062723c751e8b465ee728b)
Start importing Assets/Internal/Farm/Original/CornSeed.prefab using Guid(c4aa3985f4166e240ad4cc05055f5046) Importer(815301076,1909f56bfc062723c751e8b465ee728b)  -> (artifact id: '66cad18854ed1109051d147bf0c16df2') in 0.026496 seconds
Number of updated asset objects reloaded before import = 0
Number of asset objects unloaded after import = 92
========================================================================
Received Import Request.
  Time since last request: 0.000028 seconds.
  path: Assets/Internal/Farm/Original/Corn.prefab
  artifactKey: Guid(401c6e75d2d329d41a56339f955f94d1) Importer(815301076,1909f56bfc062723c751e8b465ee728b)
Start importing Assets/Internal/Farm/Original/Corn.prefab using Guid(401c6e75d2d329d41a56339f955f94d1) Importer(815301076,1909f56bfc062723c751e8b465ee728b)  -> (artifact id: '570bf091611f2f2bd02f5388166cf8f6') in 0.023452 seconds
Number of updated asset objects reloaded before import = 0
Number of asset objects unloaded after import = 92
========================================================================
Received Import Request.
  Time since last request: 0.622895 seconds.
  path: Assets/Internal/Farm/Original/BiNgo1.prefab
  artifactKey: Guid(79ac5693fbf897a4193e4e3015d705f0) Importer(815301076,1909f56bfc062723c751e8b465ee728b)
Start importing Assets/Internal/Farm/Original/BiNgo1.prefab using Guid(79ac5693fbf897a4193e4e3015d705f0) Importer(815301076,1909f56bfc062723c751e8b465ee728b)  -> (artifact id: '34b860ee726fa62cd9258ec5dcdd42c0') in 0.021089 seconds
Number of updated asset objects reloaded before import = 0
Number of asset objects unloaded after import = 92
========================================================================
Received Import Request.
  Time since last request: 0.000022 seconds.
  path: Assets/Internal/Farm/Original/wheat3.prefab
  artifactKey: Guid(c10845f8e3708ba43b2e4301a5ad13a0) Importer(815301076,1909f56bfc062723c751e8b465ee728b)
Start importing Assets/Internal/Farm/Original/wheat3.prefab using Guid(c10845f8e3708ba43b2e4301a5ad13a0) Importer(815301076,1909f56bfc062723c751e8b465ee728b)  -> (artifact id: '6086db513099b520ea22b68c0f9e92ff') in 0.061627 seconds
Number of updated asset objects reloaded before import = 0
Number of asset objects unloaded after import = 14
========================================================================
Received Import Request.
  Time since last request: 0.000025 seconds.
  path: Assets/Internal/Farm/Original/WheatSeed.prefab
  artifactKey: Guid(34b2800ea203d0a4e9a4e096e84447a6) Importer(815301076,1909f56bfc062723c751e8b465ee728b)
Start importing Assets/Internal/Farm/Original/WheatSeed.prefab using Guid(34b2800ea203d0a4e9a4e096e84447a6) Importer(815301076,1909f56bfc062723c751e8b465ee728b)  -> (artifact id: 'f3f4cacfb49ad5051fee704ce8da84ff') in 0.017945 seconds
Number of updated asset objects reloaded before import = 0
Number of asset objects unloaded after import = 92
========================================================================
Received Import Request.
  Time since last request: 0.000027 seconds.
  path: Assets/Internal/Farm/Original/Corn1.prefab
  artifactKey: Guid(7ae9af47b91f6a543a51b57dee26bed8) Importer(815301076,1909f56bfc062723c751e8b465ee728b)
Start importing Assets/Internal/Farm/Original/Corn1.prefab using Guid(7ae9af47b91f6a543a51b57dee26bed8) Importer(815301076,1909f56bfc062723c751e8b465ee728b)  -> (artifact id: '663c67fac41622d8671895d1b9ec6e8c') in 0.017920 seconds
Number of updated asset objects reloaded before import = 0
Number of asset objects unloaded after import = 92
========================================================================
Received Import Request.
  Time since last request: 0.000032 seconds.
  path: Assets/Internal/Farm/Original/Corn2.prefab
  artifactKey: Guid(a43973eb3ed33bd4587917f962fd0b24) Importer(815301076,1909f56bfc062723c751e8b465ee728b)
Start importing Assets/Internal/Farm/Original/Corn2.prefab using Guid(a43973eb3ed33bd4587917f962fd0b24) Importer(815301076,1909f56bfc062723c751e8b465ee728b)  -> (artifact id: '257ae53355a49a933cd29e563a87cea0') in 0.024520 seconds
Number of updated asset objects reloaded before import = 0
Number of asset objects unloaded after import = 92
========================================================================
Received Import Request.
  Time since last request: 0.000033 seconds.
  path: Assets/Internal/Farm/Original/PumskinSeed.prefab
  artifactKey: Guid(ac49c3bc7d88a3f4b9ea35e1c86dd9da) Importer(815301076,1909f56bfc062723c751e8b465ee728b)
Start importing Assets/Internal/Farm/Original/PumskinSeed.prefab using Guid(ac49c3bc7d88a3f4b9ea35e1c86dd9da) Importer(815301076,1909f56bfc062723c751e8b465ee728b)  -> (artifact id: 'b3bb30dee92d05a1556a728989f7d1b9') in 0.016316 seconds
Number of updated asset objects reloaded before import = 0
Number of asset objects unloaded after import = 92
========================================================================
Received Import Request.
  Time since last request: 0.000036 seconds.
  path: Assets/Internal/Farm/Original/WheatLoose.prefab
  artifactKey: Guid(38c40c6f20b86904a8edb78d9a66932a) Importer(815301076,1909f56bfc062723c751e8b465ee728b)
Start importing Assets/Internal/Farm/Original/WheatLoose.prefab using Guid(38c40c6f20b86904a8edb78d9a66932a) Importer(815301076,1909f56bfc062723c751e8b465ee728b)  -> (artifact id: '5e8b197cef20888bee32b84e9b34570a') in 0.021101 seconds
Number of updated asset objects reloaded before import = 0
Number of asset objects unloaded after import = 92
========================================================================
Received Import Request.
  Time since last request: 0.000072 seconds.
  path: Assets/Internal/Farm/Original/CornLoose.prefab
  artifactKey: Guid(1f94fb667d1c2ee4eb14436c73efc882) Importer(815301076,1909f56bfc062723c751e8b465ee728b)
Start importing Assets/Internal/Farm/Original/CornLoose.prefab using Guid(1f94fb667d1c2ee4eb14436c73efc882) Importer(815301076,1909f56bfc062723c751e8b465ee728b)  -> (artifact id: '6abaa26ce2963e2d1579978ad9e0c0f8') in 0.027400 seconds
Number of updated asset objects reloaded before import = 0
Number of asset objects unloaded after import = 92
========================================================================
Received Import Request.
  Time since last request: 0.000047 seconds.
  path: Assets/Internal/Farm/Original/PumSkin.prefab
  artifactKey: Guid(de11a699fcbeb3444ad174237876a7c5) Importer(815301076,1909f56bfc062723c751e8b465ee728b)
Start importing Assets/Internal/Farm/Original/PumSkin.prefab using Guid(de11a699fcbeb3444ad174237876a7c5) Importer(815301076,1909f56bfc062723c751e8b465ee728b)  -> (artifact id: '9a98d5e7c09deba576cf010e3f4d7041') in 0.024969 seconds
Number of updated asset objects reloaded before import = 0
Number of asset objects unloaded after import = 92
========================================================================
Received Import Request.
  Time since last request: 0.000024 seconds.
  path: Assets/Internal/Farm/Original/FarmTile.prefab
  artifactKey: Guid(02e131e02edbe864f800c2db62cbac09) Importer(815301076,1909f56bfc062723c751e8b465ee728b)
Start importing Assets/Internal/Farm/Original/FarmTile.prefab using Guid(02e131e02edbe864f800c2db62cbac09) Importer(815301076,1909f56bfc062723c751e8b465ee728b)  -> (artifact id: '9970fa86d547227c31bf0ffdb75d6a47') in 0.022478 seconds
Number of updated asset objects reloaded before import = 0
Number of asset objects unloaded after import = 92
========================================================================
Received Prepare
Begin MonoManager ReloadAssembly
- Loaded All Assemblies, in  0.380 seconds
Refreshing native plugins compatible for Editor in 2.70 ms, found 3 plugins.
Native extension for WindowsStandalone target not found
Native extension for Android target not found
Native extension for WebGL target not found
[Package Manager] Server::EnsureServerProcessIsRunning -- launch failed, reason: Unity was launched with the -noUpm command-line argument
[Package Manager] UpmClient::Send -- Unable to send message (not connected to UPM process).
[Package Manager] Cannot connect to Unity Package Manager local server
Mono: successfully reloaded assembly
[Package Manager] Server::EnsureServerProcessIsRunning -- launch failed, reason: Unity was launched with the -noUpm command-line argument
[Package Manager] UpmClient::Send -- Unable to send message (not connected to UPM process).
[Package Manager] Cannot connect to Unity Package Manager local server
- Finished resetting the current domain, in  0.813 seconds
Domain Reload Profiling: 1192ms
	BeginReloadAssembly (142ms)
		ExecutionOrderSort (0ms)
		DisableScriptedObjects (5ms)
		BackupInstance (0ms)
		ReleaseScriptingObjects (0ms)
		CreateAndSetChildDomain (41ms)
	RebuildCommonClasses (28ms)
	RebuildNativeTypeToScriptingClass (9ms)
	initialDomainReloadingComplete (24ms)
	LoadAllAssembliesAndSetupDomain (174ms)
		LoadAssemblies (229ms)
		RebuildTransferFunctionScriptingTraits (0ms)
		AnalyzeDomain (13ms)
			TypeCache.Refresh (6ms)
				TypeCache.ScanAssembly (0ms)
			ScanForSourceGeneratedMonoScriptInfo (0ms)
			ResolveRequiredComponents (6ms)
	FinalizeReload (814ms)
		ReleaseScriptCaches (0ms)
		RebuildScriptCaches (0ms)
		SetupLoadedEditorAssemblies (462ms)
			LogAssemblyErrors (0ms)
			InitializePlatformSupportModulesInManaged (22ms)
			SetLoadedEditorAssemblies (3ms)
			RefreshPlugins (0ms)
			BeforeProcessingInitializeOnLoad (56ms)
			ProcessInitializeOnLoadAttributes (349ms)
			ProcessInitializeOnLoadMethodAttributes (28ms)
			AfterProcessingInitializeOnLoad (4ms)
			EditorAssembliesLoaded (0ms)
		ExecutionOrderSort2 (0ms)
		AwakeInstancesAfterBackupRestoration (6ms)
Refreshing native plugins compatible for Editor in 3.29 ms, found 3 plugins.
Preloading 0 native plugins for Editor in 0.00 ms.
Unloading 3857 Unused Serialized files (Serialized files now loaded: 0)
Unloading 39 unused Assets / (119.7 KB). Loaded Objects now: 4372.
Memory consumption went from 146.7 MB to 146.6 MB.
Total: 3.628700 ms (FindLiveObjects: 0.407000 ms CreateObjectMapping: 0.127900 ms MarkObjects: 2.939100 ms  DeleteObjects: 0.152400 ms)

Prepare: number of updated asset objects reloaded= 0
AssetImportParameters requested are different than current active one (requested -> active):
  custom:container-demuxer-ogg: 62fdf1f143b41e24485cea50d1cbac27 -> 
  custom:video-codec-MediaFoundation-h265: 746d11721c4dcdbdad8f713fa42b33f4 -> 
  custom:video-decoder-ogg-theora: a1e56fd34408186e4bbccfd4996cb3dc -> 
  custom:framework-win-MediaFoundation: 216162199b28c13a410421893ffa2e32 -> 
  custom:CustomObjectIndexerAttribute: 756ad292c208cfabdd7b50bc23989ffe -> 
  custom:container-demuxer-webm: 4f35f7cbe854078d1ac9338744f61a02 -> 
  custom:container-muxer-webm: aa71ff27fc2769a1b78a27578f13a17b -> 
  custom:video-decoder-webm-vp8: 9c59270c3fd7afecdb556c50c9e8de78 -> 
  custom:SearchIndexIgnoredProperties: e643bd26f0fe6173181afceb89e7c659 -> 
  custom:AudioImporter_EditorPlatform: d09bf68614088b80899f8185d706f6e7 -> 
  custom:video-encoder-webm-vp8: eb34c28f22e8b96e1ab97ce403110664 -> 
  custom:audio-decoder-ogg-vorbis: bf7c407c2cedff20999df2af8eb42d56 -> 
  custom:audio-encoder-webm-vorbis: bf7c407c2cedff20999df2af8eb42d56 -> 
========================================================================
Received Prepare
Begin MonoManager ReloadAssembly
- Loaded All Assemblies, in  0.369 seconds
Refreshing native plugins compatible for Editor in 2.49 ms, found 3 plugins.
Native extension for WindowsStandalone target not found
Native extension for Android target not found
Native extension for WebGL target not found
[Package Manager] Server::EnsureServerProcessIsRunning -- launch failed, reason: Unity was launched with the -noUpm command-line argument
[Package Manager] UpmClient::Send -- Unable to send message (not connected to UPM process).
[Package Manager] Cannot connect to Unity Package Manager local server
Mono: successfully reloaded assembly
[Package Manager] Server::EnsureServerProcessIsRunning -- launch failed, reason: Unity was launched with the -noUpm command-line argument
[Package Manager] UpmClient::Send -- Unable to send message (not connected to UPM process).
[Package Manager] Cannot connect to Unity Package Manager local server
- Finished resetting the current domain, in  0.768 seconds
Domain Reload Profiling: 1136ms
	BeginReloadAssembly (136ms)
		ExecutionOrderSort (0ms)
		DisableScriptedObjects (5ms)
		BackupInstance (0ms)
		ReleaseScriptingObjects (0ms)
		CreateAndSetChildDomain (32ms)
	RebuildCommonClasses (28ms)
	RebuildNativeTypeToScriptingClass (9ms)
	initialDomainReloadingComplete (22ms)
	LoadAllAssembliesAndSetupDomain (172ms)
		LoadAssemblies (226ms)
		RebuildTransferFunctionScriptingTraits (0ms)
		AnalyzeDomain (12ms)
			TypeCache.Refresh (6ms)
				TypeCache.ScanAssembly (0ms)
			ScanForSourceGeneratedMonoScriptInfo (0ms)
			ResolveRequiredComponents (5ms)
	FinalizeReload (768ms)
		ReleaseScriptCaches (0ms)
		RebuildScriptCaches (0ms)
		SetupLoadedEditorAssemblies (427ms)
			LogAssemblyErrors (0ms)
			InitializePlatformSupportModulesInManaged (22ms)
			SetLoadedEditorAssemblies (3ms)
			RefreshPlugins (0ms)
			BeforeProcessingInitializeOnLoad (51ms)
			ProcessInitializeOnLoadAttributes (318ms)
			ProcessInitializeOnLoadMethodAttributes (29ms)
			AfterProcessingInitializeOnLoad (4ms)
			EditorAssembliesLoaded (0ms)
		ExecutionOrderSort2 (0ms)
		AwakeInstancesAfterBackupRestoration (6ms)
Refreshing native plugins compatible for Editor in 3.37 ms, found 3 plugins.
Preloading 0 native plugins for Editor in 0.00 ms.
Unloading 3858 Unused Serialized files (Serialized files now loaded: 0)
Unloading 39 unused Assets / (119.6 KB). Loaded Objects now: 4387.
Memory consumption went from 148.9 MB to 148.8 MB.
Total: 3.599300 ms (FindLiveObjects: 0.326000 ms CreateObjectMapping: 0.183300 ms MarkObjects: 2.981300 ms  DeleteObjects: 0.107400 ms)

Prepare: number of updated asset objects reloaded= 0
AssetImportParameters requested are different than current active one (requested -> active):
  custom:container-demuxer-ogg: 62fdf1f143b41e24485cea50d1cbac27 -> 
  custom:video-codec-MediaFoundation-h265: 746d11721c4dcdbdad8f713fa42b33f4 -> 
  custom:video-decoder-ogg-theora: a1e56fd34408186e4bbccfd4996cb3dc -> 
  custom:framework-win-MediaFoundation: 216162199b28c13a410421893ffa2e32 -> 
  custom:CustomObjectIndexerAttribute: 756ad292c208cfabdd7b50bc23989ffe -> 
  custom:container-demuxer-webm: 4f35f7cbe854078d1ac9338744f61a02 -> 
  custom:container-muxer-webm: aa71ff27fc2769a1b78a27578f13a17b -> 
  custom:video-decoder-webm-vp8: 9c59270c3fd7afecdb556c50c9e8de78 -> 
  custom:SearchIndexIgnoredProperties: e643bd26f0fe6173181afceb89e7c659 -> 
  custom:AudioImporter_EditorPlatform: d09bf68614088b80899f8185d706f6e7 -> 
  custom:video-encoder-webm-vp8: eb34c28f22e8b96e1ab97ce403110664 -> 
  custom:audio-decoder-ogg-vorbis: bf7c407c2cedff20999df2af8eb42d56 -> 
  custom:audio-encoder-webm-vorbis: bf7c407c2cedff20999df2af8eb42d56 -> 
========================================================================
Received Import Request.
  Time since last request: 124.998081 seconds.
  path: Assets/Internal/Farm/Original/Corn.prefab
  artifactKey: Guid(401c6e75d2d329d41a56339f955f94d1) Importer(815301076,1909f56bfc062723c751e8b465ee728b)
Start importing Assets/Internal/Farm/Original/Corn.prefab using Guid(401c6e75d2d329d41a56339f955f94d1) Importer(815301076,1909f56bfc062723c751e8b465ee728b)  -> (artifact id: '85f1416fc26ec0a0e08f7259e75d0e0e') in 0.075805 seconds
Number of updated asset objects reloaded before import = 0
Number of asset objects unloaded after import = 92
========================================================================
Received Prepare
Begin MonoManager ReloadAssembly
- Loaded All Assemblies, in  0.347 seconds
Refreshing native plugins compatible for Editor in 2.55 ms, found 3 plugins.
Native extension for WindowsStandalone target not found
Native extension for Android target not found
Native extension for WebGL target not found
[Package Manager] Server::EnsureServerProcessIsRunning -- launch failed, reason: Unity was launched with the -noUpm command-line argument
[Package Manager] UpmClient::Send -- Unable to send message (not connected to UPM process).
[Package Manager] Cannot connect to Unity Package Manager local server
Mono: successfully reloaded assembly
[Package Manager] Server::EnsureServerProcessIsRunning -- launch failed, reason: Unity was launched with the -noUpm command-line argument
[Package Manager] UpmClient::Send -- Unable to send message (not connected to UPM process).
[Package Manager] Cannot connect to Unity Package Manager local server
- Finished resetting the current domain, in  0.836 seconds
Domain Reload Profiling: 1182ms
	BeginReloadAssembly (129ms)
		ExecutionOrderSort (0ms)
		DisableScriptedObjects (5ms)
		BackupInstance (0ms)
		ReleaseScriptingObjects (0ms)
		CreateAndSetChildDomain (33ms)
	RebuildCommonClasses (27ms)
	RebuildNativeTypeToScriptingClass (9ms)
	initialDomainReloadingComplete (29ms)
	LoadAllAssembliesAndSetupDomain (152ms)
		LoadAssemblies (204ms)
		RebuildTransferFunctionScriptingTraits (0ms)
		AnalyzeDomain (12ms)
			TypeCache.Refresh (6ms)
				TypeCache.ScanAssembly (0ms)
			ScanForSourceGeneratedMonoScriptInfo (0ms)
			ResolveRequiredComponents (5ms)
	FinalizeReload (836ms)
		ReleaseScriptCaches (0ms)
		RebuildScriptCaches (0ms)
		SetupLoadedEditorAssemblies (473ms)
			LogAssemblyErrors (0ms)
			InitializePlatformSupportModulesInManaged (28ms)
			SetLoadedEditorAssemblies (3ms)
			RefreshPlugins (0ms)
			BeforeProcessingInitializeOnLoad (64ms)
			ProcessInitializeOnLoadAttributes (344ms)
			ProcessInitializeOnLoadMethodAttributes (29ms)
			AfterProcessingInitializeOnLoad (4ms)
			EditorAssembliesLoaded (0ms)
		ExecutionOrderSort2 (0ms)
		AwakeInstancesAfterBackupRestoration (7ms)
Refreshing native plugins compatible for Editor in 3.76 ms, found 3 plugins.
Preloading 0 native plugins for Editor in 0.00 ms.
Unloading 3857 Unused Serialized files (Serialized files now loaded: 0)
Unloading 39 unused Assets / (120.6 KB). Loaded Objects now: 4402.
Memory consumption went from 150.6 MB to 150.5 MB.
Total: 3.380100 ms (FindLiveObjects: 0.340300 ms CreateObjectMapping: 0.155600 ms MarkObjects: 2.797500 ms  DeleteObjects: 0.085200 ms)

Prepare: number of updated asset objects reloaded= 0
AssetImportParameters requested are different than current active one (requested -> active):
  custom:container-demuxer-ogg: 62fdf1f143b41e24485cea50d1cbac27 -> 
  custom:video-codec-MediaFoundation-h265: 746d11721c4dcdbdad8f713fa42b33f4 -> 
  custom:video-decoder-ogg-theora: a1e56fd34408186e4bbccfd4996cb3dc -> 
  custom:framework-win-MediaFoundation: 216162199b28c13a410421893ffa2e32 -> 
  custom:CustomObjectIndexerAttribute: 756ad292c208cfabdd7b50bc23989ffe -> 
  custom:container-demuxer-webm: 4f35f7cbe854078d1ac9338744f61a02 -> 
  custom:container-muxer-webm: aa71ff27fc2769a1b78a27578f13a17b -> 
  custom:video-decoder-webm-vp8: 9c59270c3fd7afecdb556c50c9e8de78 -> 
  custom:SearchIndexIgnoredProperties: e643bd26f0fe6173181afceb89e7c659 -> 
  custom:AudioImporter_EditorPlatform: d09bf68614088b80899f8185d706f6e7 -> 
  custom:video-encoder-webm-vp8: eb34c28f22e8b96e1ab97ce403110664 -> 
  custom:audio-decoder-ogg-vorbis: bf7c407c2cedff20999df2af8eb42d56 -> 
  custom:audio-encoder-webm-vorbis: bf7c407c2cedff20999df2af8eb42d56 -> 
========================================================================
Received Import Request.
  Time since last request: 3.850029 seconds.
  path: Assets/Internal/Farm/Original/Corn2.prefab
  artifactKey: Guid(a43973eb3ed33bd4587917f962fd0b24) Importer(815301076,1909f56bfc062723c751e8b465ee728b)
Start importing Assets/Internal/Farm/Original/Corn2.prefab using Guid(a43973eb3ed33bd4587917f962fd0b24) Importer(815301076,1909f56bfc062723c751e8b465ee728b)  -> (artifact id: 'b4ad5d3c76d66767f580aebcf93a19ce') in 0.076147 seconds
Number of updated asset objects reloaded before import = 0
Number of asset objects unloaded after import = 92
========================================================================
Received Prepare
Begin MonoManager ReloadAssembly
- Loaded All Assemblies, in  0.343 seconds
Refreshing native plugins compatible for Editor in 2.69 ms, found 3 plugins.
Native extension for WindowsStandalone target not found
Native extension for Android target not found
Native extension for WebGL target not found
[Package Manager] Server::EnsureServerProcessIsRunning -- launch failed, reason: Unity was launched with the -noUpm command-line argument
[Package Manager] UpmClient::Send -- Unable to send message (not connected to UPM process).
[Package Manager] Cannot connect to Unity Package Manager local server
Mono: successfully reloaded assembly
[Package Manager] Server::EnsureServerProcessIsRunning -- launch failed, reason: Unity was launched with the -noUpm command-line argument
[Package Manager] UpmClient::Send -- Unable to send message (not connected to UPM process).
[Package Manager] Cannot connect to Unity Package Manager local server
- Finished resetting the current domain, in  0.806 seconds
Domain Reload Profiling: 1149ms
	BeginReloadAssembly (132ms)
		ExecutionOrderSort (0ms)
		DisableScriptedObjects (5ms)
		BackupInstance (0ms)
		ReleaseScriptingObjects (0ms)
		CreateAndSetChildDomain (33ms)
	RebuildCommonClasses (26ms)
	RebuildNativeTypeToScriptingClass (9ms)
	initialDomainReloadingComplete (21ms)
	LoadAllAssembliesAndSetupDomain (154ms)
		LoadAssemblies (207ms)
		RebuildTransferFunctionScriptingTraits (0ms)
		AnalyzeDomain (12ms)
			TypeCache.Refresh (6ms)
				TypeCache.ScanAssembly (0ms)
			ScanForSourceGeneratedMonoScriptInfo (0ms)
			ResolveRequiredComponents (5ms)
	FinalizeReload (807ms)
		ReleaseScriptCaches (0ms)
		RebuildScriptCaches (0ms)
		SetupLoadedEditorAssemblies (443ms)
			LogAssemblyErrors (0ms)
			InitializePlatformSupportModulesInManaged (21ms)
			SetLoadedEditorAssemblies (3ms)
			RefreshPlugins (0ms)
			BeforeProcessingInitializeOnLoad (58ms)
			ProcessInitializeOnLoadAttributes (327ms)
			ProcessInitializeOnLoadMethodAttributes (30ms)
			AfterProcessingInitializeOnLoad (4ms)
			EditorAssembliesLoaded (0ms)
		ExecutionOrderSort2 (0ms)
		AwakeInstancesAfterBackupRestoration (6ms)
Refreshing native plugins compatible for Editor in 4.09 ms, found 3 plugins.
Preloading 0 native plugins for Editor in 0.00 ms.
Unloading 3857 Unused Serialized files (Serialized files now loaded: 0)
Unloading 39 unused Assets / (119.6 KB). Loaded Objects now: 4417.
Memory consumption went from 152.6 MB to 152.4 MB.
Total: 4.113100 ms (FindLiveObjects: 0.364200 ms CreateObjectMapping: 0.146900 ms MarkObjects: 3.508900 ms  DeleteObjects: 0.091100 ms)

Prepare: number of updated asset objects reloaded= 0
AssetImportParameters requested are different than current active one (requested -> active):
  custom:container-demuxer-ogg: 62fdf1f143b41e24485cea50d1cbac27 -> 
  custom:video-codec-MediaFoundation-h265: 746d11721c4dcdbdad8f713fa42b33f4 -> 
  custom:video-decoder-ogg-theora: a1e56fd34408186e4bbccfd4996cb3dc -> 
  custom:framework-win-MediaFoundation: 216162199b28c13a410421893ffa2e32 -> 
  custom:CustomObjectIndexerAttribute: 756ad292c208cfabdd7b50bc23989ffe -> 
  custom:container-demuxer-webm: 4f35f7cbe854078d1ac9338744f61a02 -> 
  custom:container-muxer-webm: aa71ff27fc2769a1b78a27578f13a17b -> 
  custom:video-decoder-webm-vp8: 9c59270c3fd7afecdb556c50c9e8de78 -> 
  custom:SearchIndexIgnoredProperties: e643bd26f0fe6173181afceb89e7c659 -> 
  custom:AudioImporter_EditorPlatform: d09bf68614088b80899f8185d706f6e7 -> 
  custom:video-encoder-webm-vp8: eb34c28f22e8b96e1ab97ce403110664 -> 
  custom:audio-decoder-ogg-vorbis: bf7c407c2cedff20999df2af8eb42d56 -> 
  custom:audio-encoder-webm-vorbis: bf7c407c2cedff20999df2af8eb42d56 -> 
========================================================================
Received Prepare
Begin MonoManager ReloadAssembly
- Loaded All Assemblies, in  0.346 seconds
Refreshing native plugins compatible for Editor in 2.78 ms, found 3 plugins.
Native extension for WindowsStandalone target not found
Native extension for Android target not found
Native extension for WebGL target not found
[Package Manager] Server::EnsureServerProcessIsRunning -- launch failed, reason: Unity was launched with the -noUpm command-line argument
[Package Manager] UpmClient::Send -- Unable to send message (not connected to UPM process).
[Package Manager] Cannot connect to Unity Package Manager local server
Mono: successfully reloaded assembly
[Package Manager] Server::EnsureServerProcessIsRunning -- launch failed, reason: Unity was launched with the -noUpm command-line argument
[Package Manager] UpmClient::Send -- Unable to send message (not connected to UPM process).
[Package Manager] Cannot connect to Unity Package Manager local server
- Finished resetting the current domain, in  0.864 seconds
Domain Reload Profiling: 1209ms
	BeginReloadAssembly (128ms)
		ExecutionOrderSort (0ms)
		DisableScriptedObjects (8ms)
		BackupInstance (0ms)
		ReleaseScriptingObjects (0ms)
		CreateAndSetChildDomain (31ms)
	RebuildCommonClasses (26ms)
	RebuildNativeTypeToScriptingClass (9ms)
	initialDomainReloadingComplete (22ms)
	LoadAllAssembliesAndSetupDomain (161ms)
		LoadAssemblies (209ms)
		RebuildTransferFunctionScriptingTraits (0ms)
		AnalyzeDomain (13ms)
			TypeCache.Refresh (6ms)
				TypeCache.ScanAssembly (0ms)
			ScanForSourceGeneratedMonoScriptInfo (0ms)
			ResolveRequiredComponents (5ms)
	FinalizeReload (864ms)
		ReleaseScriptCaches (0ms)
		RebuildScriptCaches (0ms)
		SetupLoadedEditorAssemblies (473ms)
			LogAssemblyErrors (0ms)
			InitializePlatformSupportModulesInManaged (28ms)
			SetLoadedEditorAssemblies (3ms)
			RefreshPlugins (0ms)
			BeforeProcessingInitializeOnLoad (60ms)
			ProcessInitializeOnLoadAttributes (348ms)
			ProcessInitializeOnLoadMethodAttributes (30ms)
			AfterProcessingInitializeOnLoad (4ms)
			EditorAssembliesLoaded (0ms)
		ExecutionOrderSort2 (0ms)
		AwakeInstancesAfterBackupRestoration (6ms)
Refreshing native plugins compatible for Editor in 3.55 ms, found 3 plugins.
Preloading 0 native plugins for Editor in 0.00 ms.
Unloading 3858 Unused Serialized files (Serialized files now loaded: 0)
Unloading 39 unused Assets / (119.6 KB). Loaded Objects now: 4432.
Memory consumption went from 154.7 MB to 154.6 MB.
Total: 3.611000 ms (FindLiveObjects: 0.337700 ms CreateObjectMapping: 0.182700 ms MarkObjects: 2.923100 ms  DeleteObjects: 0.165600 ms)

Prepare: number of updated asset objects reloaded= 0
AssetImportParameters requested are different than current active one (requested -> active):
  custom:container-demuxer-ogg: 62fdf1f143b41e24485cea50d1cbac27 -> 
  custom:video-codec-MediaFoundation-h265: 746d11721c4dcdbdad8f713fa42b33f4 -> 
  custom:video-decoder-ogg-theora: a1e56fd34408186e4bbccfd4996cb3dc -> 
  custom:framework-win-MediaFoundation: 216162199b28c13a410421893ffa2e32 -> 
  custom:CustomObjectIndexerAttribute: 756ad292c208cfabdd7b50bc23989ffe -> 
  custom:container-demuxer-webm: 4f35f7cbe854078d1ac9338744f61a02 -> 
  custom:container-muxer-webm: aa71ff27fc2769a1b78a27578f13a17b -> 
  custom:video-decoder-webm-vp8: 9c59270c3fd7afecdb556c50c9e8de78 -> 
  custom:SearchIndexIgnoredProperties: e643bd26f0fe6173181afceb89e7c659 -> 
  custom:AudioImporter_EditorPlatform: d09bf68614088b80899f8185d706f6e7 -> 
  custom:video-encoder-webm-vp8: eb34c28f22e8b96e1ab97ce403110664 -> 
  custom:audio-decoder-ogg-vorbis: bf7c407c2cedff20999df2af8eb42d56 -> 
  custom:audio-encoder-webm-vorbis: bf7c407c2cedff20999df2af8eb42d56 -> 
========================================================================
Received Prepare
Begin MonoManager ReloadAssembly
- Loaded All Assemblies, in  0.351 seconds
Refreshing native plugins compatible for Editor in 3.45 ms, found 3 plugins.
Native extension for WindowsStandalone target not found
Native extension for Android target not found
Native extension for WebGL target not found
[Package Manager] Server::EnsureServerProcessIsRunning -- launch failed, reason: Unity was launched with the -noUpm command-line argument
[Package Manager] UpmClient::Send -- Unable to send message (not connected to UPM process).
[Package Manager] Cannot connect to Unity Package Manager local server
Mono: successfully reloaded assembly
[Package Manager] Server::EnsureServerProcessIsRunning -- launch failed, reason: Unity was launched with the -noUpm command-line argument
[Package Manager] UpmClient::Send -- Unable to send message (not connected to UPM process).
[Package Manager] Cannot connect to Unity Package Manager local server
- Finished resetting the current domain, in  0.798 seconds
Domain Reload Profiling: 1149ms
	BeginReloadAssembly (129ms)
		ExecutionOrderSort (0ms)
		DisableScriptedObjects (5ms)
		BackupInstance (0ms)
		ReleaseScriptingObjects (0ms)
		CreateAndSetChildDomain (33ms)
	RebuildCommonClasses (28ms)
	RebuildNativeTypeToScriptingClass (9ms)
	initialDomainReloadingComplete (22ms)
	LoadAllAssembliesAndSetupDomain (162ms)
		LoadAssemblies (213ms)
		RebuildTransferFunctionScriptingTraits (0ms)
		AnalyzeDomain (13ms)
			TypeCache.Refresh (6ms)
				TypeCache.ScanAssembly (0ms)
			ScanForSourceGeneratedMonoScriptInfo (0ms)
			ResolveRequiredComponents (5ms)
	FinalizeReload (799ms)
		ReleaseScriptCaches (0ms)
		RebuildScriptCaches (0ms)
		SetupLoadedEditorAssemblies (451ms)
			LogAssemblyErrors (0ms)
			InitializePlatformSupportModulesInManaged (21ms)
			SetLoadedEditorAssemblies (3ms)
			RefreshPlugins (0ms)
			BeforeProcessingInitializeOnLoad (54ms)
			ProcessInitializeOnLoadAttributes (335ms)
			ProcessInitializeOnLoadMethodAttributes (33ms)
			AfterProcessingInitializeOnLoad (5ms)
			EditorAssembliesLoaded (1ms)
		ExecutionOrderSort2 (0ms)
		AwakeInstancesAfterBackupRestoration (6ms)
Refreshing native plugins compatible for Editor in 5.36 ms, found 3 plugins.
Preloading 0 native plugins for Editor in 0.00 ms.
Unloading 3858 Unused Serialized files (Serialized files now loaded: 0)
Unloading 39 unused Assets / (120.7 KB). Loaded Objects now: 4447.
Memory consumption went from 156.7 MB to 156.6 MB.
Total: 3.230500 ms (FindLiveObjects: 0.354800 ms CreateObjectMapping: 0.120900 ms MarkObjects: 2.648300 ms  DeleteObjects: 0.105100 ms)

Prepare: number of updated asset objects reloaded= 0
AssetImportParameters requested are different than current active one (requested -> active):
  custom:container-demuxer-ogg: 62fdf1f143b41e24485cea50d1cbac27 -> 
  custom:video-codec-MediaFoundation-h265: 746d11721c4dcdbdad8f713fa42b33f4 -> 
  custom:video-decoder-ogg-theora: a1e56fd34408186e4bbccfd4996cb3dc -> 
  custom:framework-win-MediaFoundation: 216162199b28c13a410421893ffa2e32 -> 
  custom:CustomObjectIndexerAttribute: 756ad292c208cfabdd7b50bc23989ffe -> 
  custom:container-demuxer-webm: 4f35f7cbe854078d1ac9338744f61a02 -> 
  custom:container-muxer-webm: aa71ff27fc2769a1b78a27578f13a17b -> 
  custom:video-decoder-webm-vp8: 9c59270c3fd7afecdb556c50c9e8de78 -> 
  custom:SearchIndexIgnoredProperties: e643bd26f0fe6173181afceb89e7c659 -> 
  custom:AudioImporter_EditorPlatform: d09bf68614088b80899f8185d706f6e7 -> 
  custom:video-encoder-webm-vp8: eb34c28f22e8b96e1ab97ce403110664 -> 
  custom:audio-decoder-ogg-vorbis: bf7c407c2cedff20999df2af8eb42d56 -> 
  custom:audio-encoder-webm-vorbis: bf7c407c2cedff20999df2af8eb42d56 -> 
========================================================================
Received Import Request.
  Time since last request: 108.462092 seconds.
  path: Assets/Internal/Farm/Update_1/FarmTile/farmTile.prefab
  artifactKey: Guid(e758b519996d2b248b41ef356e4fada2) Importer(815301076,1909f56bfc062723c751e8b465ee728b)
Start importing Assets/Internal/Farm/Update_1/FarmTile/farmTile.prefab using Guid(e758b519996d2b248b41ef356e4fada2) Importer(815301076,1909f56bfc062723c751e8b465ee728b)  -> (artifact id: '8896ae9f93bbbcb97077de4e7f73a654') in 0.080975 seconds
Number of updated asset objects reloaded before import = 0
Number of asset objects unloaded after import = 113
========================================================================
Received Import Request.
  Time since last request: 26.472556 seconds.
  path: Assets/Internal/Farm/Update_1/FarmTile/farmTilePreview.prefab
  artifactKey: Guid(41dc206c3362d564ba8918af3af47b61) Importer(815301076,1909f56bfc062723c751e8b465ee728b)
Start importing Assets/Internal/Farm/Update_1/FarmTile/farmTilePreview.prefab using Guid(41dc206c3362d564ba8918af3af47b61) Importer(815301076,1909f56bfc062723c751e8b465ee728b)  -> (artifact id: '7f88929167dad7e55807430fdff87fa9') in 0.021723 seconds
Number of updated asset objects reloaded before import = 0
Number of asset objects unloaded after import = 98
========================================================================
Received Prepare
Begin MonoManager ReloadAssembly
- Loaded All Assemblies, in  0.344 seconds
Refreshing native plugins compatible for Editor in 2.62 ms, found 3 plugins.
Native extension for WindowsStandalone target not found
Native extension for Android target not found
Native extension for WebGL target not found
[Package Manager] Server::EnsureServerProcessIsRunning -- launch failed, reason: Unity was launched with the -noUpm command-line argument
[Package Manager] UpmClient::Send -- Unable to send message (not connected to UPM process).
[Package Manager] Cannot connect to Unity Package Manager local server
Mono: successfully reloaded assembly
[Package Manager] Server::EnsureServerProcessIsRunning -- launch failed, reason: Unity was launched with the -noUpm command-line argument
[Package Manager] UpmClient::Send -- Unable to send message (not connected to UPM process).
[Package Manager] Cannot connect to Unity Package Manager local server
- Finished resetting the current domain, in  0.838 seconds
Domain Reload Profiling: 1181ms
	BeginReloadAssembly (130ms)
		ExecutionOrderSort (0ms)
		DisableScriptedObjects (5ms)
		BackupInstance (0ms)
		ReleaseScriptingObjects (0ms)
		CreateAndSetChildDomain (34ms)
	RebuildCommonClasses (27ms)
	RebuildNativeTypeToScriptingClass (9ms)
	initialDomainReloadingComplete (21ms)
	LoadAllAssembliesAndSetupDomain (154ms)
		LoadAssemblies (205ms)
		RebuildTransferFunctionScriptingTraits (0ms)
		AnalyzeDomain (13ms)
			TypeCache.Refresh (6ms)
				TypeCache.ScanAssembly (0ms)
			ScanForSourceGeneratedMonoScriptInfo (0ms)
			ResolveRequiredComponents (6ms)
	FinalizeReload (839ms)
		ReleaseScriptCaches (0ms)
		RebuildScriptCaches (0ms)
		SetupLoadedEditorAssemblies (464ms)
			LogAssemblyErrors (0ms)
			InitializePlatformSupportModulesInManaged (24ms)
			SetLoadedEditorAssemblies (4ms)
			RefreshPlugins (0ms)
			BeforeProcessingInitializeOnLoad (55ms)
			ProcessInitializeOnLoadAttributes (348ms)
			ProcessInitializeOnLoadMethodAttributes (29ms)
			AfterProcessingInitializeOnLoad (4ms)
			EditorAssembliesLoaded (0ms)
		ExecutionOrderSort2 (0ms)
		AwakeInstancesAfterBackupRestoration (7ms)
Refreshing native plugins compatible for Editor in 3.56 ms, found 3 plugins.
Preloading 0 native plugins for Editor in 0.00 ms.
Unloading 3857 Unused Serialized files (Serialized files now loaded: 0)
Unloading 39 unused Assets / (119.6 KB). Loaded Objects now: 4462.
Memory consumption went from 158.4 MB to 158.3 MB.
Total: 3.326000 ms (FindLiveObjects: 0.331800 ms CreateObjectMapping: 0.129900 ms MarkObjects: 2.754500 ms  DeleteObjects: 0.108400 ms)

Prepare: number of updated asset objects reloaded= 0
AssetImportParameters requested are different than current active one (requested -> active):
  custom:container-demuxer-ogg: 62fdf1f143b41e24485cea50d1cbac27 -> 
  custom:video-codec-MediaFoundation-h265: 746d11721c4dcdbdad8f713fa42b33f4 -> 
  custom:video-decoder-ogg-theora: a1e56fd34408186e4bbccfd4996cb3dc -> 
  custom:framework-win-MediaFoundation: 216162199b28c13a410421893ffa2e32 -> 
  custom:CustomObjectIndexerAttribute: 756ad292c208cfabdd7b50bc23989ffe -> 
  custom:container-demuxer-webm: 4f35f7cbe854078d1ac9338744f61a02 -> 
  custom:container-muxer-webm: aa71ff27fc2769a1b78a27578f13a17b -> 
  custom:video-decoder-webm-vp8: 9c59270c3fd7afecdb556c50c9e8de78 -> 
  custom:SearchIndexIgnoredProperties: e643bd26f0fe6173181afceb89e7c659 -> 
  custom:AudioImporter_EditorPlatform: d09bf68614088b80899f8185d706f6e7 -> 
  custom:video-encoder-webm-vp8: eb34c28f22e8b96e1ab97ce403110664 -> 
  custom:audio-decoder-ogg-vorbis: bf7c407c2cedff20999df2af8eb42d56 -> 
  custom:audio-encoder-webm-vorbis: bf7c407c2cedff20999df2af8eb42d56 -> 
========================================================================
Received Import Request.
  Time since last request: 107.545568 seconds.
  path: Assets/Internal/box
  artifactKey: Guid(e471779ded56c934a801aa0555426652) Importer(815301076,1909f56bfc062723c751e8b465ee728b)
Start importing Assets/Internal/box using Guid(e471779ded56c934a801aa0555426652) Importer(815301076,1909f56bfc062723c751e8b465ee728b)  -> (artifact id: 'a0f46412bc733098939b9638d575e452') in 0.002857 seconds
Number of updated asset objects reloaded before import = 0
Number of asset objects unloaded after import = 0
========================================================================
Received Import Request.
  Time since last request: 10.033527 seconds.
  path: Assets/Internal/box/storeBox_single.prefab
  artifactKey: Guid(0ec7565361e6c1f45b0ae032291f6339) Importer(815301076,1909f56bfc062723c751e8b465ee728b)
Start importing Assets/Internal/box/storeBox_single.prefab using Guid(0ec7565361e6c1f45b0ae032291f6339) Importer(815301076,1909f56bfc062723c751e8b465ee728b)  -> (artifact id: '5f33ff9cfc68dddca615c0c18f42eb86') in 0.068812 seconds
Number of updated asset objects reloaded before import = 0
Number of asset objects unloaded after import = 14
========================================================================
Received Import Request.
  Time since last request: 13.790676 seconds.
  path: Assets/Internal/box/storeBox_single.prefab
  artifactKey: Guid(0ec7565361e6c1f45b0ae032291f6339) Importer(815301076,1909f56bfc062723c751e8b465ee728b)
Start importing Assets/Internal/box/storeBox_single.prefab using Guid(0ec7565361e6c1f45b0ae032291f6339) Importer(815301076,1909f56bfc062723c751e8b465ee728b)  -> (artifact id: '57314e7ebef9a352e6560d6151e5bf5f') in 0.008204 seconds
Number of updated asset objects reloaded before import = 0
Number of asset objects unloaded after import = 15
========================================================================
Received Import Request.
  Time since last request: 42.937266 seconds.
  path: Assets/Internal/box/storeBox_multiple.prefab
  artifactKey: Guid(2b57398810b844b4cb23dcecee478821) Importer(815301076,1909f56bfc062723c751e8b465ee728b)
Start importing Assets/Internal/box/storeBox_multiple.prefab using Guid(2b57398810b844b4cb23dcecee478821) Importer(815301076,1909f56bfc062723c751e8b465ee728b)  -> (artifact id: '2bfd442f55d6e3bdd966ff3a219cd11f') in 0.012669 seconds
Number of updated asset objects reloaded before import = 0
Number of asset objects unloaded after import = 15
